[2025-07-31T01:47:08.616+0000] {taskinstance.py:1956} INFO - Dependencies all met for dep_context=non-requeueable deps ti=<TaskInstance: process_csv_data_pipeline.process_csv_data manual__2025-07-31T01:44:32.204044+00:00 [queued]>
[2025-07-31T01:47:08.646+0000] {taskinstance.py:1956} INFO - Dependencies all met for dep_context=requeueable deps ti=<TaskInstance: process_csv_data_pipeline.process_csv_data manual__2025-07-31T01:44:32.204044+00:00 [queued]>
[2025-07-31T01:47:08.647+0000] {taskinstance.py:2170} INFO - Starting attempt 1 of 3
[2025-07-31T01:47:08.662+0000] {taskinstance.py:2191} INFO - Executing <Task(PythonOperator): process_csv_data> on 2025-07-31 01:44:32.204044+00:00
[2025-07-31T01:47:08.668+0000] {standard_task_runner.py:60} INFO - Started process 392 to run task
[2025-07-31T01:47:08.672+0000] {standard_task_runner.py:87} INFO - Running: ['airflow', 'tasks', 'run', 'process_csv_data_pipeline', 'process_csv_data', 'manual__2025-07-31T01:44:32.204044+00:00', '--job-id', '10', '--raw', '--subdir', 'DAGS_FOLDER/process_csv_data_pipeline.py', '--cfg-path', '/tmp/tmpmtn8vdtm']
[2025-07-31T01:47:08.675+0000] {standard_task_runner.py:88} INFO - Job 10: Subtask process_csv_data
[2025-07-31T01:47:08.779+0000] {task_command.py:423} INFO - Running <TaskInstance: process_csv_data_pipeline.process_csv_data manual__2025-07-31T01:44:32.204044+00:00 [running]> on host ecd2a07b0f65
[2025-07-31T01:47:09.150+0000] {taskinstance.py:2480} INFO - Exporting env vars: AIRFLOW_CTX_DAG_OWNER='plant-analytics-team' AIRFLOW_CTX_DAG_ID='process_csv_data_pipeline' AIRFLOW_CTX_TASK_ID='process_csv_data' AIRFLOW_CTX_EXECUTION_DATE='2025-07-31T01:44:32.204044+00:00' AIRFLOW_CTX_TRY_NUMBER='1' AIRFLOW_CTX_DAG_RUN_ID='manual__2025-07-31T01:44:32.204044+00:00'
[2025-07-31T01:47:09.151+0000] {process_csv_data_pipeline.py:159} INFO - 🌊 Starting CSV data processing...
[2025-07-31T01:47:09.179+0000] {csv_processor.py:199} INFO - 📥 Processing file: egridData.csv
[2025-07-31T01:47:09.320+0000] {minio_client.py:102} INFO - 📥 Downloaded egridData.csv to /tmp/egridData.csv
[2025-07-31T01:47:09.321+0000] {csv_processor.py:211} INFO - 🔍 Validating CSV structure using header row...
[2025-07-31T01:47:09.332+0000] {csv_processor.py:228} INFO - ✅ CSV validation passed, processing data from row 3 onwards...
[2025-07-31T01:47:09.468+0000] {db_client.py:68} ERROR - ❌ Error bulk inserting records: (psycopg2.errors.UniqueViolation) duplicate key value violates unique constraint "uk_egrid_data_unique"
DETAIL:  Key (gen_id, year, state, plant_name)=(UNIT4, 2023, AK, Alakanuk) already exists.

[SQL: 
                INSERT INTO egrid_data (gen_id, year, state, plant_name, net_generation)
                VALUES (%(gen_id)s, %(year)s, %(state)s, %(plant_name)s, %(net_generation)s)
            ]
[parameters: ({'gen_id': 'UNIT4', 'year': 2023, 'state': 'AK', 'plant_name': 'Alakanuk', 'net_generation': 0.0}, {'gen_id': 'GEN1', 'year': 2023, 'state': 'AK', 'plant_name': 'Allison Creek Hydro', 'net_generation': 20961.0}, {'gen_id': '1A', 'year': 2023, 'state': 'AK', 'plant_name': 'Ambler', 'net_generation': 451.0}, {'gen_id': '2', 'year': 2023, 'state': 'AK', 'plant_name': 'Ambler', 'net_generation': 338.0}, {'gen_id': '3', 'year': 2023, 'state': 'AK', 'plant_name': 'Ambler', 'net_generation': 451.0}, {'gen_id': '1A', 'year': 2023, 'state': 'AK', 'plant_name': 'Angoon', 'net_generation': 605.0}, {'gen_id': '2A', 'year': 2023, 'state': 'AK', 'plant_name': 'Angoon', 'net_generation': 605.0}, {'gen_id': '3', 'year': 2023, 'state': 'AK', 'plant_name': 'Angoon', 'net_generation': 605.0}  ... displaying 10 of 1000 total bound parameter sets ...  {'gen_id': 'GEN2', 'year': 2023, 'state': 'AR', 'plant_name': 'Two Pine Landfill Gas Recovery', 'net_generation': 4419.0}, {'gen_id': 'GEN3', 'year': 2023, 'state': 'AR', 'plant_name': 'Two Pine Landfill Gas Recovery', 'net_generation': 4419.0})]
(Background on this error at: https://sqlalche.me/e/14/gkpj)
[2025-07-31T01:47:09.469+0000] {csv_processor.py:262} ERROR - ❌ Error processing file egridData.csv: (psycopg2.errors.UniqueViolation) duplicate key value violates unique constraint "uk_egrid_data_unique"
DETAIL:  Key (gen_id, year, state, plant_name)=(UNIT4, 2023, AK, Alakanuk) already exists.

[SQL: 
                INSERT INTO egrid_data (gen_id, year, state, plant_name, net_generation)
                VALUES (%(gen_id)s, %(year)s, %(state)s, %(plant_name)s, %(net_generation)s)
            ]
[parameters: ({'gen_id': 'UNIT4', 'year': 2023, 'state': 'AK', 'plant_name': 'Alakanuk', 'net_generation': 0.0}, {'gen_id': 'GEN1', 'year': 2023, 'state': 'AK', 'plant_name': 'Allison Creek Hydro', 'net_generation': 20961.0}, {'gen_id': '1A', 'year': 2023, 'state': 'AK', 'plant_name': 'Ambler', 'net_generation': 451.0}, {'gen_id': '2', 'year': 2023, 'state': 'AK', 'plant_name': 'Ambler', 'net_generation': 338.0}, {'gen_id': '3', 'year': 2023, 'state': 'AK', 'plant_name': 'Ambler', 'net_generation': 451.0}, {'gen_id': '1A', 'year': 2023, 'state': 'AK', 'plant_name': 'Angoon', 'net_generation': 605.0}, {'gen_id': '2A', 'year': 2023, 'state': 'AK', 'plant_name': 'Angoon', 'net_generation': 605.0}, {'gen_id': '3', 'year': 2023, 'state': 'AK', 'plant_name': 'Angoon', 'net_generation': 605.0}  ... displaying 10 of 1000 total bound parameter sets ...  {'gen_id': 'GEN2', 'year': 2023, 'state': 'AR', 'plant_name': 'Two Pine Landfill Gas Recovery', 'net_generation': 4419.0}, {'gen_id': 'GEN3', 'year': 2023, 'state': 'AR', 'plant_name': 'Two Pine Landfill Gas Recovery', 'net_generation': 4419.0})]
(Background on this error at: https://sqlalche.me/e/14/gkpj)
[2025-07-31T01:47:09.472+0000] {connection_workflow.py:179} INFO - Pika version 1.3.2 connecting to ('172.18.0.5', 5672)
[2025-07-31T01:47:09.473+0000] {io_services_utils.py:345} INFO - Socket connected: <socket.socket fd=27, family=2, type=1, proto=6, laddr=('172.18.0.12', 41172), raddr=('172.18.0.5', 5672)>
[2025-07-31T01:47:09.474+0000] {connection_workflow.py:428} INFO - Streaming transport linked up: (<pika.adapters.utils.io_services_utils._AsyncPlaintextTransport object at 0x7fe6cc03b950>, _StreamingProtocolShim: <SelectConnection PROTOCOL transport=<pika.adapters.utils.io_services_utils._AsyncPlaintextTransport object at 0x7fe6cc03b950> params=<ConnectionParameters host=rabbitmq port=5672 virtual_host=/ ssl=False>>).
[2025-07-31T01:47:09.480+0000] {connection_workflow.py:293} INFO - AMQPConnector - reporting success: <SelectConnection OPEN transport=<pika.adapters.utils.io_services_utils._AsyncPlaintextTransport object at 0x7fe6cc03b950> params=<ConnectionParameters host=rabbitmq port=5672 virtual_host=/ ssl=False>>
[2025-07-31T01:47:09.481+0000] {connection_workflow.py:725} INFO - AMQPConnectionWorkflow - reporting success: <SelectConnection OPEN transport=<pika.adapters.utils.io_services_utils._AsyncPlaintextTransport object at 0x7fe6cc03b950> params=<ConnectionParameters host=rabbitmq port=5672 virtual_host=/ ssl=False>>
[2025-07-31T01:47:09.482+0000] {blocking_connection.py:453} INFO - Connection workflow succeeded: <SelectConnection OPEN transport=<pika.adapters.utils.io_services_utils._AsyncPlaintextTransport object at 0x7fe6cc03b950> params=<ConnectionParameters host=rabbitmq port=5672 virtual_host=/ ssl=False>>
[2025-07-31T01:47:09.482+0000] {blocking_connection.py:1264} INFO - Created channel=1
[2025-07-31T01:47:09.486+0000] {blocking_connection.py:802} INFO - Closing connection (200): Normal shutdown
[2025-07-31T01:47:09.486+0000] {channel.py:536} INFO - Closing channel (200): 'Normal shutdown' on <Channel number=1 OPEN conn=<SelectConnection OPEN transport=<pika.adapters.utils.io_services_utils._AsyncPlaintextTransport object at 0x7fe6cc03b950> params=<ConnectionParameters host=rabbitmq port=5672 virtual_host=/ ssl=False>>>
[2025-07-31T01:47:09.488+0000] {channel.py:1133} INFO - Received <Channel.CloseOk> on <Channel number=1 CLOSING conn=<SelectConnection OPEN transport=<pika.adapters.utils.io_services_utils._AsyncPlaintextTransport object at 0x7fe6cc03b950> params=<ConnectionParameters host=rabbitmq port=5672 virtual_host=/ ssl=False>>>
[2025-07-31T01:47:09.488+0000] {connection.py:1316} INFO - Closing connection (200): 'Normal shutdown'
[2025-07-31T01:47:09.490+0000] {io_services_utils.py:731} INFO - Aborting transport connection: state=1; <socket.socket fd=27, family=2, type=1, proto=6, laddr=('172.18.0.12', 41172), raddr=('172.18.0.5', 5672)>
[2025-07-31T01:47:09.490+0000] {io_services_utils.py:904} INFO - _AsyncTransportBase._initate_abort(): Initiating abrupt asynchronous transport shutdown: state=1; error=None; <socket.socket fd=27, family=2, type=1, proto=6, laddr=('172.18.0.12', 41172), raddr=('172.18.0.5', 5672)>
[2025-07-31T01:47:09.491+0000] {io_services_utils.py:869} INFO - Deactivating transport: state=1; <socket.socket fd=27, family=2, type=1, proto=6, laddr=('172.18.0.12', 41172), raddr=('172.18.0.5', 5672)>
[2025-07-31T01:47:09.491+0000] {connection.py:2017} INFO - AMQP stack terminated, failed to connect, or aborted: opened=True, error-arg=None; pending-error=ConnectionClosedByClient: (200) 'Normal shutdown'
[2025-07-31T01:47:09.492+0000] {connection.py:2086} INFO - Stack terminated due to ConnectionClosedByClient: (200) 'Normal shutdown'
[2025-07-31T01:47:09.493+0000] {io_services_utils.py:882} INFO - Closing transport socket and unlinking: state=3; <socket.socket fd=27, family=2, type=1, proto=6, laddr=('172.18.0.12', 41172), raddr=('172.18.0.5', 5672)>
[2025-07-31T01:47:09.493+0000] {blocking_connection.py:525} INFO - User-initiated close: result=(<SelectConnection CLOSED transport=None params=<ConnectionParameters host=rabbitmq port=5672 virtual_host=/ ssl=False>>, ConnectionClosedByClient: (200) 'Normal shutdown')
[2025-07-31T01:47:09.494+0000] {rabbitmq_client.py:116} INFO - 📧 Sent notification: error
[2025-07-31T01:47:09.495+0000] {process_csv_data_pipeline.py:192} INFO - 🎉 Processing complete! Total records: 0
[2025-07-31T01:47:09.496+0000] {python.py:201} INFO - Done. Returned value was: {'total_records': 0}
[2025-07-31T01:47:09.547+0000] {taskinstance.py:1138} INFO - Marking task as SUCCESS. dag_id=process_csv_data_pipeline, task_id=process_csv_data, execution_date=20250731T014432, start_date=20250731T014708, end_date=20250731T014709
[2025-07-31T01:47:09.590+0000] {local_task_job_runner.py:234} INFO - Task exited with return code 0
[2025-07-31T01:47:09.632+0000] {taskinstance.py:3280} INFO - 1 downstream tasks scheduled from follow-on schedule check
