[2025-07-30T20:46:54.823+0000] {processor.py:161} INFO - Started process (PID=520) to work on /opt/airflow/dags/process_csv_data_pipeline.py
[2025-07-30T20:46:54.825+0000] {processor.py:830} INFO - Processing file /opt/airflow/dags/process_csv_data_pipeline.py for tasks to queue
[2025-07-30T20:46:54.829+0000] {logging_mixin.py:188} INFO - [2025-07-30T20:46:54.826+0000] {dagbag.py:538} INFO - Filling up the DagBag from /opt/airflow/dags/process_csv_data_pipeline.py
[2025-07-30T20:46:55.349+0000] {processor.py:840} INFO - DAG(s) 'process_csv_data_pipeline' retrieved from /opt/airflow/dags/process_csv_data_pipeline.py
[2025-07-30T20:46:55.639+0000] {logging_mixin.py:188} INFO - [2025-07-30T20:46:55.639+0000] {dag.py:3036} INFO - Sync 1 DAGs
[2025-07-30T20:46:55.655+0000] {logging_mixin.py:188} INFO - [2025-07-30T20:46:55.655+0000] {dag.py:3823} INFO - Setting next_dagrun for process_csv_data_pipeline to 2025-07-30 20:45:00+00:00, run_after=2025-07-30 20:46:00+00:00
[2025-07-30T20:46:55.671+0000] {processor.py:183} INFO - Processing /opt/airflow/dags/process_csv_data_pipeline.py took 0.856 seconds
[2025-07-30T20:47:25.875+0000] {processor.py:161} INFO - Started process (PID=540) to work on /opt/airflow/dags/process_csv_data_pipeline.py
[2025-07-30T20:47:25.877+0000] {processor.py:830} INFO - Processing file /opt/airflow/dags/process_csv_data_pipeline.py for tasks to queue
[2025-07-30T20:47:25.878+0000] {logging_mixin.py:188} INFO - [2025-07-30T20:47:25.877+0000] {dagbag.py:538} INFO - Filling up the DagBag from /opt/airflow/dags/process_csv_data_pipeline.py
[2025-07-30T20:47:26.292+0000] {processor.py:840} INFO - DAG(s) 'process_csv_data_pipeline' retrieved from /opt/airflow/dags/process_csv_data_pipeline.py
[2025-07-30T20:47:26.339+0000] {logging_mixin.py:188} INFO - [2025-07-30T20:47:26.338+0000] {dag.py:3036} INFO - Sync 1 DAGs
[2025-07-30T20:47:26.391+0000] {logging_mixin.py:188} INFO - [2025-07-30T20:47:26.391+0000] {dag.py:3823} INFO - Setting next_dagrun for process_csv_data_pipeline to 2025-07-30 20:46:00+00:00, run_after=2025-07-30 20:47:00+00:00
[2025-07-30T20:47:26.424+0000] {processor.py:183} INFO - Processing /opt/airflow/dags/process_csv_data_pipeline.py took 0.553 seconds
[2025-07-30T20:47:56.538+0000] {processor.py:161} INFO - Started process (PID=560) to work on /opt/airflow/dags/process_csv_data_pipeline.py
[2025-07-30T20:47:56.540+0000] {processor.py:830} INFO - Processing file /opt/airflow/dags/process_csv_data_pipeline.py for tasks to queue
[2025-07-30T20:47:56.543+0000] {logging_mixin.py:188} INFO - [2025-07-30T20:47:56.542+0000] {dagbag.py:538} INFO - Filling up the DagBag from /opt/airflow/dags/process_csv_data_pipeline.py
[2025-07-30T20:47:56.874+0000] {processor.py:840} INFO - DAG(s) 'process_csv_data_pipeline' retrieved from /opt/airflow/dags/process_csv_data_pipeline.py
[2025-07-30T20:47:56.902+0000] {logging_mixin.py:188} INFO - [2025-07-30T20:47:56.902+0000] {dag.py:3036} INFO - Sync 1 DAGs
[2025-07-30T20:47:57.132+0000] {logging_mixin.py:188} INFO - [2025-07-30T20:47:57.132+0000] {dag.py:3823} INFO - Setting next_dagrun for process_csv_data_pipeline to 2025-07-30 20:46:00+00:00, run_after=2025-07-30 20:47:00+00:00
[2025-07-30T20:47:57.147+0000] {processor.py:183} INFO - Processing /opt/airflow/dags/process_csv_data_pipeline.py took 0.617 seconds
[2025-07-30T20:48:28.093+0000] {processor.py:161} INFO - Started process (PID=579) to work on /opt/airflow/dags/process_csv_data_pipeline.py
[2025-07-30T20:48:28.110+0000] {processor.py:830} INFO - Processing file /opt/airflow/dags/process_csv_data_pipeline.py for tasks to queue
[2025-07-30T20:48:28.111+0000] {logging_mixin.py:188} INFO - [2025-07-30T20:48:28.111+0000] {dagbag.py:538} INFO - Filling up the DagBag from /opt/airflow/dags/process_csv_data_pipeline.py
[2025-07-30T20:48:28.735+0000] {processor.py:840} INFO - DAG(s) 'process_csv_data_pipeline' retrieved from /opt/airflow/dags/process_csv_data_pipeline.py
[2025-07-30T20:48:29.029+0000] {logging_mixin.py:188} INFO - [2025-07-30T20:48:29.029+0000] {dag.py:3036} INFO - Sync 1 DAGs
[2025-07-30T20:48:29.059+0000] {logging_mixin.py:188} INFO - [2025-07-30T20:48:29.058+0000] {dag.py:3823} INFO - Setting next_dagrun for process_csv_data_pipeline to 2025-07-30 20:47:00+00:00, run_after=2025-07-30 20:48:00+00:00
[2025-07-30T20:48:29.079+0000] {processor.py:183} INFO - Processing /opt/airflow/dags/process_csv_data_pipeline.py took 0.995 seconds
[2025-07-30T20:48:59.329+0000] {processor.py:161} INFO - Started process (PID=599) to work on /opt/airflow/dags/process_csv_data_pipeline.py
[2025-07-30T20:48:59.330+0000] {processor.py:830} INFO - Processing file /opt/airflow/dags/process_csv_data_pipeline.py for tasks to queue
[2025-07-30T20:48:59.331+0000] {logging_mixin.py:188} INFO - [2025-07-30T20:48:59.330+0000] {dagbag.py:538} INFO - Filling up the DagBag from /opt/airflow/dags/process_csv_data_pipeline.py
[2025-07-30T20:48:59.820+0000] {processor.py:840} INFO - DAG(s) 'process_csv_data_pipeline' retrieved from /opt/airflow/dags/process_csv_data_pipeline.py
[2025-07-30T20:48:59.845+0000] {logging_mixin.py:188} INFO - [2025-07-30T20:48:59.845+0000] {dag.py:3036} INFO - Sync 1 DAGs
[2025-07-30T20:48:59.865+0000] {logging_mixin.py:188} INFO - [2025-07-30T20:48:59.864+0000] {dag.py:3823} INFO - Setting next_dagrun for process_csv_data_pipeline to 2025-07-30 20:47:00+00:00, run_after=2025-07-30 20:48:00+00:00
[2025-07-30T20:48:59.877+0000] {processor.py:183} INFO - Processing /opt/airflow/dags/process_csv_data_pipeline.py took 0.551 seconds
[2025-07-30T20:49:30.117+0000] {processor.py:161} INFO - Started process (PID=619) to work on /opt/airflow/dags/process_csv_data_pipeline.py
[2025-07-30T20:49:30.118+0000] {processor.py:830} INFO - Processing file /opt/airflow/dags/process_csv_data_pipeline.py for tasks to queue
[2025-07-30T20:49:30.119+0000] {logging_mixin.py:188} INFO - [2025-07-30T20:49:30.118+0000] {dagbag.py:538} INFO - Filling up the DagBag from /opt/airflow/dags/process_csv_data_pipeline.py
[2025-07-30T20:49:30.427+0000] {processor.py:840} INFO - DAG(s) 'process_csv_data_pipeline' retrieved from /opt/airflow/dags/process_csv_data_pipeline.py
[2025-07-30T20:49:30.454+0000] {logging_mixin.py:188} INFO - [2025-07-30T20:49:30.454+0000] {dag.py:3036} INFO - Sync 1 DAGs
[2025-07-30T20:49:30.660+0000] {logging_mixin.py:188} INFO - [2025-07-30T20:49:30.659+0000] {dag.py:3823} INFO - Setting next_dagrun for process_csv_data_pipeline to 2025-07-30 20:48:00+00:00, run_after=2025-07-30 20:49:00+00:00
[2025-07-30T20:49:30.674+0000] {processor.py:183} INFO - Processing /opt/airflow/dags/process_csv_data_pipeline.py took 0.563 seconds
[2025-07-30T20:50:00.855+0000] {processor.py:161} INFO - Started process (PID=639) to work on /opt/airflow/dags/process_csv_data_pipeline.py
[2025-07-30T20:50:00.858+0000] {processor.py:830} INFO - Processing file /opt/airflow/dags/process_csv_data_pipeline.py for tasks to queue
[2025-07-30T20:50:00.860+0000] {logging_mixin.py:188} INFO - [2025-07-30T20:50:00.860+0000] {dagbag.py:538} INFO - Filling up the DagBag from /opt/airflow/dags/process_csv_data_pipeline.py
[2025-07-30T20:50:01.160+0000] {processor.py:840} INFO - DAG(s) 'process_csv_data_pipeline' retrieved from /opt/airflow/dags/process_csv_data_pipeline.py
[2025-07-30T20:50:01.381+0000] {logging_mixin.py:188} INFO - [2025-07-30T20:50:01.380+0000] {dag.py:3036} INFO - Sync 1 DAGs
[2025-07-30T20:50:01.404+0000] {logging_mixin.py:188} INFO - [2025-07-30T20:50:01.404+0000] {dag.py:3823} INFO - Setting next_dagrun for process_csv_data_pipeline to 2025-07-30 20:49:00+00:00, run_after=2025-07-30 20:50:00+00:00
[2025-07-30T20:50:01.417+0000] {processor.py:183} INFO - Processing /opt/airflow/dags/process_csv_data_pipeline.py took 0.568 seconds
[2025-07-30T20:50:31.861+0000] {processor.py:161} INFO - Started process (PID=659) to work on /opt/airflow/dags/process_csv_data_pipeline.py
[2025-07-30T20:50:31.862+0000] {processor.py:830} INFO - Processing file /opt/airflow/dags/process_csv_data_pipeline.py for tasks to queue
[2025-07-30T20:50:31.863+0000] {logging_mixin.py:188} INFO - [2025-07-30T20:50:31.863+0000] {dagbag.py:538} INFO - Filling up the DagBag from /opt/airflow/dags/process_csv_data_pipeline.py
[2025-07-30T20:50:32.273+0000] {processor.py:840} INFO - DAG(s) 'process_csv_data_pipeline' retrieved from /opt/airflow/dags/process_csv_data_pipeline.py
[2025-07-30T20:50:32.293+0000] {logging_mixin.py:188} INFO - [2025-07-30T20:50:32.292+0000] {dag.py:3036} INFO - Sync 1 DAGs
[2025-07-30T20:50:32.305+0000] {logging_mixin.py:188} INFO - [2025-07-30T20:50:32.305+0000] {dag.py:3823} INFO - Setting next_dagrun for process_csv_data_pipeline to 2025-07-30 20:49:00+00:00, run_after=2025-07-30 20:50:00+00:00
[2025-07-30T20:50:32.318+0000] {processor.py:183} INFO - Processing /opt/airflow/dags/process_csv_data_pipeline.py took 0.462 seconds
[2025-07-30T20:51:02.613+0000] {processor.py:161} INFO - Started process (PID=678) to work on /opt/airflow/dags/process_csv_data_pipeline.py
[2025-07-30T20:51:02.614+0000] {processor.py:830} INFO - Processing file /opt/airflow/dags/process_csv_data_pipeline.py for tasks to queue
[2025-07-30T20:51:02.615+0000] {logging_mixin.py:188} INFO - [2025-07-30T20:51:02.615+0000] {dagbag.py:538} INFO - Filling up the DagBag from /opt/airflow/dags/process_csv_data_pipeline.py
[2025-07-30T20:51:03.053+0000] {processor.py:840} INFO - DAG(s) 'process_csv_data_pipeline' retrieved from /opt/airflow/dags/process_csv_data_pipeline.py
[2025-07-30T20:51:03.071+0000] {logging_mixin.py:188} INFO - [2025-07-30T20:51:03.070+0000] {dag.py:3036} INFO - Sync 1 DAGs
[2025-07-30T20:51:03.088+0000] {logging_mixin.py:188} INFO - [2025-07-30T20:51:03.088+0000] {dag.py:3823} INFO - Setting next_dagrun for process_csv_data_pipeline to 2025-07-30 20:50:00+00:00, run_after=2025-07-30 20:51:00+00:00
[2025-07-30T20:51:03.103+0000] {processor.py:183} INFO - Processing /opt/airflow/dags/process_csv_data_pipeline.py took 0.492 seconds
[2025-07-30T20:51:33.336+0000] {processor.py:161} INFO - Started process (PID=698) to work on /opt/airflow/dags/process_csv_data_pipeline.py
[2025-07-30T20:51:33.338+0000] {processor.py:830} INFO - Processing file /opt/airflow/dags/process_csv_data_pipeline.py for tasks to queue
[2025-07-30T20:51:33.339+0000] {logging_mixin.py:188} INFO - [2025-07-30T20:51:33.338+0000] {dagbag.py:538} INFO - Filling up the DagBag from /opt/airflow/dags/process_csv_data_pipeline.py
[2025-07-30T20:51:33.623+0000] {processor.py:840} INFO - DAG(s) 'process_csv_data_pipeline' retrieved from /opt/airflow/dags/process_csv_data_pipeline.py
[2025-07-30T20:51:33.793+0000] {logging_mixin.py:188} INFO - [2025-07-30T20:51:33.793+0000] {dag.py:3036} INFO - Sync 1 DAGs
[2025-07-30T20:51:33.810+0000] {logging_mixin.py:188} INFO - [2025-07-30T20:51:33.810+0000] {dag.py:3823} INFO - Setting next_dagrun for process_csv_data_pipeline to 2025-07-30 20:50:00+00:00, run_after=2025-07-30 20:51:00+00:00
[2025-07-30T20:51:33.824+0000] {processor.py:183} INFO - Processing /opt/airflow/dags/process_csv_data_pipeline.py took 0.493 seconds
[2025-07-30T20:52:04.057+0000] {processor.py:161} INFO - Started process (PID=718) to work on /opt/airflow/dags/process_csv_data_pipeline.py
[2025-07-30T20:52:04.059+0000] {processor.py:830} INFO - Processing file /opt/airflow/dags/process_csv_data_pipeline.py for tasks to queue
[2025-07-30T20:52:04.060+0000] {logging_mixin.py:188} INFO - [2025-07-30T20:52:04.059+0000] {dagbag.py:538} INFO - Filling up the DagBag from /opt/airflow/dags/process_csv_data_pipeline.py
[2025-07-30T20:52:04.478+0000] {processor.py:840} INFO - DAG(s) 'process_csv_data_pipeline' retrieved from /opt/airflow/dags/process_csv_data_pipeline.py
[2025-07-30T20:52:04.497+0000] {logging_mixin.py:188} INFO - [2025-07-30T20:52:04.496+0000] {dag.py:3036} INFO - Sync 1 DAGs
[2025-07-30T20:52:04.511+0000] {logging_mixin.py:188} INFO - [2025-07-30T20:52:04.511+0000] {dag.py:3823} INFO - Setting next_dagrun for process_csv_data_pipeline to 2025-07-30 20:51:00+00:00, run_after=2025-07-30 20:52:00+00:00
[2025-07-30T20:52:04.523+0000] {processor.py:183} INFO - Processing /opt/airflow/dags/process_csv_data_pipeline.py took 0.473 seconds
[2025-07-30T20:52:34.659+0000] {processor.py:161} INFO - Started process (PID=738) to work on /opt/airflow/dags/process_csv_data_pipeline.py
[2025-07-30T20:52:34.660+0000] {processor.py:830} INFO - Processing file /opt/airflow/dags/process_csv_data_pipeline.py for tasks to queue
[2025-07-30T20:52:34.661+0000] {logging_mixin.py:188} INFO - [2025-07-30T20:52:34.660+0000] {dagbag.py:538} INFO - Filling up the DagBag from /opt/airflow/dags/process_csv_data_pipeline.py
[2025-07-30T20:52:35.090+0000] {processor.py:840} INFO - DAG(s) 'process_csv_data_pipeline' retrieved from /opt/airflow/dags/process_csv_data_pipeline.py
[2025-07-30T20:52:35.122+0000] {logging_mixin.py:188} INFO - [2025-07-30T20:52:35.121+0000] {dag.py:3036} INFO - Sync 1 DAGs
[2025-07-30T20:52:35.141+0000] {logging_mixin.py:188} INFO - [2025-07-30T20:52:35.141+0000] {dag.py:3823} INFO - Setting next_dagrun for process_csv_data_pipeline to 2025-07-30 20:51:00+00:00, run_after=2025-07-30 20:52:00+00:00
[2025-07-30T20:52:35.154+0000] {processor.py:183} INFO - Processing /opt/airflow/dags/process_csv_data_pipeline.py took 0.498 seconds
[2025-07-30T20:53:05.362+0000] {processor.py:161} INFO - Started process (PID=758) to work on /opt/airflow/dags/process_csv_data_pipeline.py
[2025-07-30T20:53:05.363+0000] {processor.py:830} INFO - Processing file /opt/airflow/dags/process_csv_data_pipeline.py for tasks to queue
[2025-07-30T20:53:05.364+0000] {logging_mixin.py:188} INFO - [2025-07-30T20:53:05.364+0000] {dagbag.py:538} INFO - Filling up the DagBag from /opt/airflow/dags/process_csv_data_pipeline.py
[2025-07-30T20:53:05.575+0000] {processor.py:840} INFO - DAG(s) 'process_csv_data_pipeline' retrieved from /opt/airflow/dags/process_csv_data_pipeline.py
[2025-07-30T20:53:05.695+0000] {logging_mixin.py:188} INFO - [2025-07-30T20:53:05.695+0000] {dag.py:3036} INFO - Sync 1 DAGs
[2025-07-30T20:53:05.707+0000] {logging_mixin.py:188} INFO - [2025-07-30T20:53:05.707+0000] {dag.py:3823} INFO - Setting next_dagrun for process_csv_data_pipeline to 2025-07-30 20:52:00+00:00, run_after=2025-07-30 20:53:00+00:00
[2025-07-30T20:53:05.717+0000] {processor.py:183} INFO - Processing /opt/airflow/dags/process_csv_data_pipeline.py took 0.360 seconds
[2025-07-30T20:53:35.909+0000] {processor.py:161} INFO - Started process (PID=778) to work on /opt/airflow/dags/process_csv_data_pipeline.py
[2025-07-30T20:53:35.910+0000] {processor.py:830} INFO - Processing file /opt/airflow/dags/process_csv_data_pipeline.py for tasks to queue
[2025-07-30T20:53:35.911+0000] {logging_mixin.py:188} INFO - [2025-07-30T20:53:35.911+0000] {dagbag.py:538} INFO - Filling up the DagBag from /opt/airflow/dags/process_csv_data_pipeline.py
[2025-07-30T20:53:36.378+0000] {processor.py:840} INFO - DAG(s) 'process_csv_data_pipeline' retrieved from /opt/airflow/dags/process_csv_data_pipeline.py
[2025-07-30T20:53:36.397+0000] {logging_mixin.py:188} INFO - [2025-07-30T20:53:36.396+0000] {dag.py:3036} INFO - Sync 1 DAGs
[2025-07-30T20:53:36.411+0000] {logging_mixin.py:188} INFO - [2025-07-30T20:53:36.411+0000] {dag.py:3823} INFO - Setting next_dagrun for process_csv_data_pipeline to 2025-07-30 20:52:00+00:00, run_after=2025-07-30 20:53:00+00:00
[2025-07-30T20:53:36.427+0000] {processor.py:183} INFO - Processing /opt/airflow/dags/process_csv_data_pipeline.py took 0.522 seconds
[2025-07-30T20:54:06.745+0000] {processor.py:161} INFO - Started process (PID=790) to work on /opt/airflow/dags/process_csv_data_pipeline.py
[2025-07-30T20:54:06.748+0000] {processor.py:830} INFO - Processing file /opt/airflow/dags/process_csv_data_pipeline.py for tasks to queue
[2025-07-30T20:54:06.751+0000] {logging_mixin.py:188} INFO - [2025-07-30T20:54:06.751+0000] {dagbag.py:538} INFO - Filling up the DagBag from /opt/airflow/dags/process_csv_data_pipeline.py
[2025-07-30T20:54:07.521+0000] {processor.py:840} INFO - DAG(s) 'process_csv_data_pipeline' retrieved from /opt/airflow/dags/process_csv_data_pipeline.py
[2025-07-30T20:54:07.569+0000] {logging_mixin.py:188} INFO - [2025-07-30T20:54:07.568+0000] {dag.py:3036} INFO - Sync 1 DAGs
[2025-07-30T20:54:07.612+0000] {logging_mixin.py:188} INFO - [2025-07-30T20:54:07.611+0000] {dag.py:3823} INFO - Setting next_dagrun for process_csv_data_pipeline to 2025-07-30 20:53:00+00:00, run_after=2025-07-30 20:54:00+00:00
[2025-07-30T20:54:07.636+0000] {processor.py:183} INFO - Processing /opt/airflow/dags/process_csv_data_pipeline.py took 0.904 seconds
[2025-07-30T20:57:10.838+0000] {processor.py:161} INFO - Started process (PID=177) to work on /opt/airflow/dags/process_csv_data_pipeline.py
[2025-07-30T20:57:10.840+0000] {processor.py:830} INFO - Processing file /opt/airflow/dags/process_csv_data_pipeline.py for tasks to queue
[2025-07-30T20:57:10.842+0000] {logging_mixin.py:188} INFO - [2025-07-30T20:57:10.841+0000] {dagbag.py:538} INFO - Filling up the DagBag from /opt/airflow/dags/process_csv_data_pipeline.py
[2025-07-30T20:57:11.310+0000] {processor.py:840} INFO - DAG(s) 'process_csv_data_pipeline' retrieved from /opt/airflow/dags/process_csv_data_pipeline.py
[2025-07-30T20:57:11.646+0000] {logging_mixin.py:188} INFO - [2025-07-30T20:57:11.646+0000] {override.py:1769} INFO - Created Permission View: can delete on DAG:process_csv_data_pipeline
[2025-07-30T20:57:11.651+0000] {logging_mixin.py:188} INFO - [2025-07-30T20:57:11.651+0000] {override.py:1769} INFO - Created Permission View: can read on DAG:process_csv_data_pipeline
[2025-07-30T20:57:11.656+0000] {logging_mixin.py:188} INFO - [2025-07-30T20:57:11.655+0000] {override.py:1769} INFO - Created Permission View: can edit on DAG:process_csv_data_pipeline
[2025-07-30T20:57:11.656+0000] {logging_mixin.py:188} INFO - [2025-07-30T20:57:11.656+0000] {dag.py:3036} INFO - Sync 1 DAGs
[2025-07-30T20:57:11.664+0000] {logging_mixin.py:188} INFO - [2025-07-30T20:57:11.664+0000] {dag.py:3058} INFO - Creating ORM DAG for process_csv_data_pipeline
[2025-07-30T20:57:11.671+0000] {logging_mixin.py:188} INFO - [2025-07-30T20:57:11.671+0000] {dag.py:3823} INFO - Setting next_dagrun for process_csv_data_pipeline to 2025-07-30 20:56:00+00:00, run_after=2025-07-30 20:57:00+00:00
[2025-07-30T20:57:11.681+0000] {processor.py:183} INFO - Processing /opt/airflow/dags/process_csv_data_pipeline.py took 0.845 seconds
[2025-07-30T20:57:41.893+0000] {processor.py:161} INFO - Started process (PID=189) to work on /opt/airflow/dags/process_csv_data_pipeline.py
[2025-07-30T20:57:41.898+0000] {processor.py:830} INFO - Processing file /opt/airflow/dags/process_csv_data_pipeline.py for tasks to queue
[2025-07-30T20:57:41.907+0000] {logging_mixin.py:188} INFO - [2025-07-30T20:57:41.903+0000] {dagbag.py:538} INFO - Filling up the DagBag from /opt/airflow/dags/process_csv_data_pipeline.py
[2025-07-30T20:57:42.345+0000] {processor.py:840} INFO - DAG(s) 'process_csv_data_pipeline' retrieved from /opt/airflow/dags/process_csv_data_pipeline.py
[2025-07-30T20:57:42.385+0000] {logging_mixin.py:188} INFO - [2025-07-30T20:57:42.384+0000] {dag.py:3036} INFO - Sync 1 DAGs
[2025-07-30T20:57:42.417+0000] {logging_mixin.py:188} INFO - [2025-07-30T20:57:42.417+0000] {dag.py:3823} INFO - Setting next_dagrun for process_csv_data_pipeline to 2025-07-30 20:56:00+00:00, run_after=2025-07-30 20:57:00+00:00
[2025-07-30T20:57:42.455+0000] {processor.py:183} INFO - Processing /opt/airflow/dags/process_csv_data_pipeline.py took 0.567 seconds
[2025-07-30T20:58:12.715+0000] {processor.py:161} INFO - Started process (PID=231) to work on /opt/airflow/dags/process_csv_data_pipeline.py
[2025-07-30T20:58:12.720+0000] {processor.py:830} INFO - Processing file /opt/airflow/dags/process_csv_data_pipeline.py for tasks to queue
[2025-07-30T20:58:12.725+0000] {logging_mixin.py:188} INFO - [2025-07-30T20:58:12.724+0000] {dagbag.py:538} INFO - Filling up the DagBag from /opt/airflow/dags/process_csv_data_pipeline.py
[2025-07-30T20:58:13.244+0000] {processor.py:840} INFO - DAG(s) 'process_csv_data_pipeline' retrieved from /opt/airflow/dags/process_csv_data_pipeline.py
[2025-07-30T20:58:13.318+0000] {logging_mixin.py:188} INFO - [2025-07-30T20:58:13.317+0000] {dag.py:3036} INFO - Sync 1 DAGs
[2025-07-30T20:58:13.889+0000] {processor.py:183} INFO - Processing /opt/airflow/dags/process_csv_data_pipeline.py took 1.179 seconds
[2025-07-30T20:58:44.173+0000] {processor.py:161} INFO - Started process (PID=257) to work on /opt/airflow/dags/process_csv_data_pipeline.py
[2025-07-30T20:58:44.175+0000] {processor.py:830} INFO - Processing file /opt/airflow/dags/process_csv_data_pipeline.py for tasks to queue
[2025-07-30T20:58:44.176+0000] {logging_mixin.py:188} INFO - [2025-07-30T20:58:44.175+0000] {dagbag.py:538} INFO - Filling up the DagBag from /opt/airflow/dags/process_csv_data_pipeline.py
[2025-07-30T20:58:44.655+0000] {processor.py:840} INFO - DAG(s) 'process_csv_data_pipeline' retrieved from /opt/airflow/dags/process_csv_data_pipeline.py
[2025-07-30T20:58:44.700+0000] {logging_mixin.py:188} INFO - [2025-07-30T20:58:44.699+0000] {dag.py:3036} INFO - Sync 1 DAGs
[2025-07-30T20:58:44.722+0000] {logging_mixin.py:188} INFO - [2025-07-30T20:58:44.722+0000] {dag.py:3823} INFO - Setting next_dagrun for process_csv_data_pipeline to 2025-07-30 20:58:00+00:00, run_after=2025-07-30 20:59:00+00:00
[2025-07-30T20:58:44.740+0000] {processor.py:183} INFO - Processing /opt/airflow/dags/process_csv_data_pipeline.py took 0.578 seconds
[2025-07-30T20:59:14.786+0000] {processor.py:161} INFO - Started process (PID=294) to work on /opt/airflow/dags/process_csv_data_pipeline.py
[2025-07-30T20:59:14.787+0000] {processor.py:830} INFO - Processing file /opt/airflow/dags/process_csv_data_pipeline.py for tasks to queue
[2025-07-30T20:59:14.788+0000] {logging_mixin.py:188} INFO - [2025-07-30T20:59:14.787+0000] {dagbag.py:538} INFO - Filling up the DagBag from /opt/airflow/dags/process_csv_data_pipeline.py
[2025-07-30T20:59:15.038+0000] {processor.py:840} INFO - DAG(s) 'process_csv_data_pipeline' retrieved from /opt/airflow/dags/process_csv_data_pipeline.py
[2025-07-30T20:59:15.064+0000] {logging_mixin.py:188} INFO - [2025-07-30T20:59:15.064+0000] {dag.py:3036} INFO - Sync 1 DAGs
[2025-07-30T20:59:15.082+0000] {logging_mixin.py:188} INFO - [2025-07-30T20:59:15.081+0000] {dag.py:3823} INFO - Setting next_dagrun for process_csv_data_pipeline to 2025-07-30 20:59:00+00:00, run_after=2025-07-30 21:00:00+00:00
[2025-07-30T20:59:15.093+0000] {processor.py:183} INFO - Processing /opt/airflow/dags/process_csv_data_pipeline.py took 0.316 seconds
[2025-07-30T20:59:45.342+0000] {processor.py:161} INFO - Started process (PID=314) to work on /opt/airflow/dags/process_csv_data_pipeline.py
[2025-07-30T20:59:45.343+0000] {processor.py:830} INFO - Processing file /opt/airflow/dags/process_csv_data_pipeline.py for tasks to queue
[2025-07-30T20:59:45.345+0000] {logging_mixin.py:188} INFO - [2025-07-30T20:59:45.344+0000] {dagbag.py:538} INFO - Filling up the DagBag from /opt/airflow/dags/process_csv_data_pipeline.py
[2025-07-30T20:59:45.775+0000] {processor.py:840} INFO - DAG(s) 'process_csv_data_pipeline' retrieved from /opt/airflow/dags/process_csv_data_pipeline.py
[2025-07-30T20:59:45.830+0000] {logging_mixin.py:188} INFO - [2025-07-30T20:59:45.828+0000] {dag.py:3036} INFO - Sync 1 DAGs
[2025-07-30T20:59:46.173+0000] {logging_mixin.py:188} INFO - [2025-07-30T20:59:46.173+0000] {dag.py:3823} INFO - Setting next_dagrun for process_csv_data_pipeline to 2025-07-30 20:59:00+00:00, run_after=2025-07-30 21:00:00+00:00
[2025-07-30T20:59:46.186+0000] {processor.py:183} INFO - Processing /opt/airflow/dags/process_csv_data_pipeline.py took 0.852 seconds
[2025-07-30T21:00:16.468+0000] {processor.py:161} INFO - Started process (PID=351) to work on /opt/airflow/dags/process_csv_data_pipeline.py
[2025-07-30T21:00:16.472+0000] {processor.py:830} INFO - Processing file /opt/airflow/dags/process_csv_data_pipeline.py for tasks to queue
[2025-07-30T21:00:16.475+0000] {logging_mixin.py:188} INFO - [2025-07-30T21:00:16.475+0000] {dagbag.py:538} INFO - Filling up the DagBag from /opt/airflow/dags/process_csv_data_pipeline.py
[2025-07-30T21:00:16.743+0000] {processor.py:840} INFO - DAG(s) 'process_csv_data_pipeline' retrieved from /opt/airflow/dags/process_csv_data_pipeline.py
[2025-07-30T21:00:16.773+0000] {logging_mixin.py:188} INFO - [2025-07-30T21:00:16.772+0000] {dag.py:3036} INFO - Sync 1 DAGs
[2025-07-30T21:00:16.797+0000] {logging_mixin.py:188} INFO - [2025-07-30T21:00:16.797+0000] {dag.py:3823} INFO - Setting next_dagrun for process_csv_data_pipeline to 2025-07-30 21:00:00+00:00, run_after=2025-07-30 21:01:00+00:00
[2025-07-30T21:00:16.818+0000] {processor.py:183} INFO - Processing /opt/airflow/dags/process_csv_data_pipeline.py took 0.359 seconds
[2025-07-30T21:00:47.083+0000] {processor.py:161} INFO - Started process (PID=371) to work on /opt/airflow/dags/process_csv_data_pipeline.py
[2025-07-30T21:00:47.085+0000] {processor.py:830} INFO - Processing file /opt/airflow/dags/process_csv_data_pipeline.py for tasks to queue
[2025-07-30T21:00:47.086+0000] {logging_mixin.py:188} INFO - [2025-07-30T21:00:47.085+0000] {dagbag.py:538} INFO - Filling up the DagBag from /opt/airflow/dags/process_csv_data_pipeline.py
[2025-07-30T21:00:47.498+0000] {processor.py:840} INFO - DAG(s) 'process_csv_data_pipeline' retrieved from /opt/airflow/dags/process_csv_data_pipeline.py
[2025-07-30T21:00:47.538+0000] {logging_mixin.py:188} INFO - [2025-07-30T21:00:47.538+0000] {dag.py:3036} INFO - Sync 1 DAGs
[2025-07-30T21:00:47.565+0000] {logging_mixin.py:188} INFO - [2025-07-30T21:00:47.565+0000] {dag.py:3823} INFO - Setting next_dagrun for process_csv_data_pipeline to 2025-07-30 21:00:00+00:00, run_after=2025-07-30 21:01:00+00:00
[2025-07-30T21:00:47.581+0000] {processor.py:183} INFO - Processing /opt/airflow/dags/process_csv_data_pipeline.py took 0.517 seconds
[2025-07-30T21:01:17.695+0000] {processor.py:161} INFO - Started process (PID=407) to work on /opt/airflow/dags/process_csv_data_pipeline.py
[2025-07-30T21:01:17.697+0000] {processor.py:830} INFO - Processing file /opt/airflow/dags/process_csv_data_pipeline.py for tasks to queue
[2025-07-30T21:01:17.698+0000] {logging_mixin.py:188} INFO - [2025-07-30T21:01:17.698+0000] {dagbag.py:538} INFO - Filling up the DagBag from /opt/airflow/dags/process_csv_data_pipeline.py
[2025-07-30T21:01:17.994+0000] {processor.py:840} INFO - DAG(s) 'process_csv_data_pipeline' retrieved from /opt/airflow/dags/process_csv_data_pipeline.py
[2025-07-30T21:01:18.016+0000] {logging_mixin.py:188} INFO - [2025-07-30T21:01:18.016+0000] {dag.py:3036} INFO - Sync 1 DAGs
[2025-07-30T21:01:18.175+0000] {logging_mixin.py:188} INFO - [2025-07-30T21:01:18.175+0000] {dag.py:3823} INFO - Setting next_dagrun for process_csv_data_pipeline to 2025-07-30 21:01:00+00:00, run_after=2025-07-30 21:02:00+00:00
[2025-07-30T21:01:18.190+0000] {processor.py:183} INFO - Processing /opt/airflow/dags/process_csv_data_pipeline.py took 0.507 seconds
[2025-07-30T21:01:48.612+0000] {processor.py:161} INFO - Started process (PID=427) to work on /opt/airflow/dags/process_csv_data_pipeline.py
[2025-07-30T21:01:48.614+0000] {processor.py:830} INFO - Processing file /opt/airflow/dags/process_csv_data_pipeline.py for tasks to queue
[2025-07-30T21:01:48.615+0000] {logging_mixin.py:188} INFO - [2025-07-30T21:01:48.615+0000] {dagbag.py:538} INFO - Filling up the DagBag from /opt/airflow/dags/process_csv_data_pipeline.py
[2025-07-30T21:01:49.107+0000] {processor.py:840} INFO - DAG(s) 'process_csv_data_pipeline' retrieved from /opt/airflow/dags/process_csv_data_pipeline.py
[2025-07-30T21:01:49.146+0000] {logging_mixin.py:188} INFO - [2025-07-30T21:01:49.146+0000] {dag.py:3036} INFO - Sync 1 DAGs
[2025-07-30T21:01:49.182+0000] {logging_mixin.py:188} INFO - [2025-07-30T21:01:49.182+0000] {dag.py:3823} INFO - Setting next_dagrun for process_csv_data_pipeline to 2025-07-30 21:01:00+00:00, run_after=2025-07-30 21:02:00+00:00
[2025-07-30T21:01:49.198+0000] {processor.py:183} INFO - Processing /opt/airflow/dags/process_csv_data_pipeline.py took 0.605 seconds
[2025-07-30T21:02:19.440+0000] {processor.py:161} INFO - Started process (PID=464) to work on /opt/airflow/dags/process_csv_data_pipeline.py
[2025-07-30T21:02:19.442+0000] {processor.py:830} INFO - Processing file /opt/airflow/dags/process_csv_data_pipeline.py for tasks to queue
[2025-07-30T21:02:19.443+0000] {logging_mixin.py:188} INFO - [2025-07-30T21:02:19.443+0000] {dagbag.py:538} INFO - Filling up the DagBag from /opt/airflow/dags/process_csv_data_pipeline.py
[2025-07-30T21:02:19.706+0000] {processor.py:840} INFO - DAG(s) 'process_csv_data_pipeline' retrieved from /opt/airflow/dags/process_csv_data_pipeline.py
[2025-07-30T21:02:19.729+0000] {logging_mixin.py:188} INFO - [2025-07-30T21:02:19.729+0000] {dag.py:3036} INFO - Sync 1 DAGs
[2025-07-30T21:02:19.749+0000] {logging_mixin.py:188} INFO - [2025-07-30T21:02:19.749+0000] {dag.py:3823} INFO - Setting next_dagrun for process_csv_data_pipeline to 2025-07-30 21:02:00+00:00, run_after=2025-07-30 21:03:00+00:00
[2025-07-30T21:02:19.765+0000] {processor.py:183} INFO - Processing /opt/airflow/dags/process_csv_data_pipeline.py took 0.346 seconds
[2025-07-30T21:02:50.261+0000] {processor.py:161} INFO - Started process (PID=484) to work on /opt/airflow/dags/process_csv_data_pipeline.py
[2025-07-30T21:02:50.262+0000] {processor.py:830} INFO - Processing file /opt/airflow/dags/process_csv_data_pipeline.py for tasks to queue
[2025-07-30T21:02:50.263+0000] {logging_mixin.py:188} INFO - [2025-07-30T21:02:50.263+0000] {dagbag.py:538} INFO - Filling up the DagBag from /opt/airflow/dags/process_csv_data_pipeline.py
[2025-07-30T21:02:50.767+0000] {processor.py:840} INFO - DAG(s) 'process_csv_data_pipeline' retrieved from /opt/airflow/dags/process_csv_data_pipeline.py
[2025-07-30T21:02:50.819+0000] {logging_mixin.py:188} INFO - [2025-07-30T21:02:50.819+0000] {dag.py:3036} INFO - Sync 1 DAGs
[2025-07-30T21:02:51.228+0000] {logging_mixin.py:188} INFO - [2025-07-30T21:02:51.228+0000] {dag.py:3823} INFO - Setting next_dagrun for process_csv_data_pipeline to 2025-07-30 21:02:00+00:00, run_after=2025-07-30 21:03:00+00:00
[2025-07-30T21:02:51.246+0000] {processor.py:183} INFO - Processing /opt/airflow/dags/process_csv_data_pipeline.py took 0.996 seconds
[2025-07-30T21:03:21.473+0000] {processor.py:161} INFO - Started process (PID=521) to work on /opt/airflow/dags/process_csv_data_pipeline.py
[2025-07-30T21:03:21.475+0000] {processor.py:830} INFO - Processing file /opt/airflow/dags/process_csv_data_pipeline.py for tasks to queue
[2025-07-30T21:03:21.476+0000] {logging_mixin.py:188} INFO - [2025-07-30T21:03:21.476+0000] {dagbag.py:538} INFO - Filling up the DagBag from /opt/airflow/dags/process_csv_data_pipeline.py
[2025-07-30T21:03:21.975+0000] {processor.py:840} INFO - DAG(s) 'process_csv_data_pipeline' retrieved from /opt/airflow/dags/process_csv_data_pipeline.py
[2025-07-30T21:03:22.227+0000] {logging_mixin.py:188} INFO - [2025-07-30T21:03:22.227+0000] {dag.py:3036} INFO - Sync 1 DAGs
[2025-07-30T21:03:22.247+0000] {logging_mixin.py:188} INFO - [2025-07-30T21:03:22.247+0000] {dag.py:3823} INFO - Setting next_dagrun for process_csv_data_pipeline to 2025-07-30 21:03:00+00:00, run_after=2025-07-30 21:04:00+00:00
[2025-07-30T21:03:22.257+0000] {processor.py:183} INFO - Processing /opt/airflow/dags/process_csv_data_pipeline.py took 0.789 seconds
[2025-07-30T21:03:52.503+0000] {processor.py:161} INFO - Started process (PID=540) to work on /opt/airflow/dags/process_csv_data_pipeline.py
[2025-07-30T21:03:52.505+0000] {processor.py:830} INFO - Processing file /opt/airflow/dags/process_csv_data_pipeline.py for tasks to queue
[2025-07-30T21:03:52.507+0000] {logging_mixin.py:188} INFO - [2025-07-30T21:03:52.506+0000] {dagbag.py:538} INFO - Filling up the DagBag from /opt/airflow/dags/process_csv_data_pipeline.py
[2025-07-30T21:03:52.841+0000] {processor.py:840} INFO - DAG(s) 'process_csv_data_pipeline' retrieved from /opt/airflow/dags/process_csv_data_pipeline.py
[2025-07-30T21:03:52.875+0000] {logging_mixin.py:188} INFO - [2025-07-30T21:03:52.874+0000] {dag.py:3036} INFO - Sync 1 DAGs
[2025-07-30T21:03:52.894+0000] {logging_mixin.py:188} INFO - [2025-07-30T21:03:52.894+0000] {dag.py:3823} INFO - Setting next_dagrun for process_csv_data_pipeline to 2025-07-30 21:03:00+00:00, run_after=2025-07-30 21:04:00+00:00
[2025-07-30T21:03:52.906+0000] {processor.py:183} INFO - Processing /opt/airflow/dags/process_csv_data_pipeline.py took 0.410 seconds
[2025-07-30T21:09:37.721+0000] {processor.py:161} INFO - Started process (PID=177) to work on /opt/airflow/dags/process_csv_data_pipeline.py
[2025-07-30T21:09:37.729+0000] {processor.py:830} INFO - Processing file /opt/airflow/dags/process_csv_data_pipeline.py for tasks to queue
[2025-07-30T21:09:37.731+0000] {logging_mixin.py:188} INFO - [2025-07-30T21:09:37.731+0000] {dagbag.py:538} INFO - Filling up the DagBag from /opt/airflow/dags/process_csv_data_pipeline.py
[2025-07-30T21:09:38.298+0000] {processor.py:840} INFO - DAG(s) 'process_csv_data_pipeline' retrieved from /opt/airflow/dags/process_csv_data_pipeline.py
[2025-07-30T21:09:38.687+0000] {logging_mixin.py:188} INFO - [2025-07-30T21:09:38.687+0000] {override.py:1769} INFO - Created Permission View: can delete on DAG:process_csv_data_pipeline
[2025-07-30T21:09:38.692+0000] {logging_mixin.py:188} INFO - [2025-07-30T21:09:38.692+0000] {override.py:1769} INFO - Created Permission View: can edit on DAG:process_csv_data_pipeline
[2025-07-30T21:09:38.697+0000] {logging_mixin.py:188} INFO - [2025-07-30T21:09:38.697+0000] {override.py:1769} INFO - Created Permission View: can read on DAG:process_csv_data_pipeline
[2025-07-30T21:09:38.698+0000] {logging_mixin.py:188} INFO - [2025-07-30T21:09:38.697+0000] {dag.py:3036} INFO - Sync 1 DAGs
[2025-07-30T21:09:38.705+0000] {logging_mixin.py:188} INFO - [2025-07-30T21:09:38.704+0000] {dag.py:3058} INFO - Creating ORM DAG for process_csv_data_pipeline
[2025-07-30T21:09:38.712+0000] {logging_mixin.py:188} INFO - [2025-07-30T21:09:38.712+0000] {dag.py:3823} INFO - Setting next_dagrun for process_csv_data_pipeline to 2025-07-30 21:08:00+00:00, run_after=2025-07-30 21:09:00+00:00
[2025-07-30T21:09:38.732+0000] {processor.py:183} INFO - Processing /opt/airflow/dags/process_csv_data_pipeline.py took 1.017 seconds
[2025-07-30T21:11:12.296+0000] {processor.py:161} INFO - Started process (PID=177) to work on /opt/airflow/dags/process_csv_data_pipeline.py
[2025-07-30T21:11:12.298+0000] {processor.py:830} INFO - Processing file /opt/airflow/dags/process_csv_data_pipeline.py for tasks to queue
[2025-07-30T21:11:12.299+0000] {logging_mixin.py:188} INFO - [2025-07-30T21:11:12.299+0000] {dagbag.py:538} INFO - Filling up the DagBag from /opt/airflow/dags/process_csv_data_pipeline.py
[2025-07-30T21:11:12.780+0000] {processor.py:840} INFO - DAG(s) 'process_csv_data_pipeline' retrieved from /opt/airflow/dags/process_csv_data_pipeline.py
[2025-07-30T21:11:13.271+0000] {logging_mixin.py:188} INFO - [2025-07-30T21:11:13.271+0000] {dag.py:3036} INFO - Sync 1 DAGs
[2025-07-30T21:11:13.291+0000] {logging_mixin.py:188} INFO - [2025-07-30T21:11:13.291+0000] {dag.py:3823} INFO - Setting next_dagrun for process_csv_data_pipeline to 2025-07-30 21:10:00+00:00, run_after=2025-07-30 21:11:00+00:00
[2025-07-30T21:11:13.303+0000] {processor.py:183} INFO - Processing /opt/airflow/dags/process_csv_data_pipeline.py took 1.009 seconds
[2025-07-30T21:11:43.596+0000] {processor.py:161} INFO - Started process (PID=197) to work on /opt/airflow/dags/process_csv_data_pipeline.py
[2025-07-30T21:11:43.597+0000] {processor.py:830} INFO - Processing file /opt/airflow/dags/process_csv_data_pipeline.py for tasks to queue
[2025-07-30T21:11:43.598+0000] {logging_mixin.py:188} INFO - [2025-07-30T21:11:43.598+0000] {dagbag.py:538} INFO - Filling up the DagBag from /opt/airflow/dags/process_csv_data_pipeline.py
[2025-07-30T21:11:43.935+0000] {processor.py:840} INFO - DAG(s) 'process_csv_data_pipeline' retrieved from /opt/airflow/dags/process_csv_data_pipeline.py
[2025-07-30T21:11:43.961+0000] {logging_mixin.py:188} INFO - [2025-07-30T21:11:43.960+0000] {dag.py:3036} INFO - Sync 1 DAGs
[2025-07-30T21:11:43.982+0000] {logging_mixin.py:188} INFO - [2025-07-30T21:11:43.982+0000] {dag.py:3823} INFO - Setting next_dagrun for process_csv_data_pipeline to 2025-07-30 21:10:00+00:00, run_after=2025-07-30 21:11:00+00:00
[2025-07-30T21:11:43.993+0000] {processor.py:183} INFO - Processing /opt/airflow/dags/process_csv_data_pipeline.py took 0.401 seconds
[2025-07-30T21:12:14.602+0000] {processor.py:161} INFO - Started process (PID=217) to work on /opt/airflow/dags/process_csv_data_pipeline.py
[2025-07-30T21:12:14.603+0000] {processor.py:830} INFO - Processing file /opt/airflow/dags/process_csv_data_pipeline.py for tasks to queue
[2025-07-30T21:12:14.603+0000] {logging_mixin.py:188} INFO - [2025-07-30T21:12:14.603+0000] {dagbag.py:538} INFO - Filling up the DagBag from /opt/airflow/dags/process_csv_data_pipeline.py
[2025-07-30T21:12:15.011+0000] {processor.py:840} INFO - DAG(s) 'process_csv_data_pipeline' retrieved from /opt/airflow/dags/process_csv_data_pipeline.py
[2025-07-30T21:12:15.043+0000] {logging_mixin.py:188} INFO - [2025-07-30T21:12:15.043+0000] {dag.py:3036} INFO - Sync 1 DAGs
[2025-07-30T21:12:15.332+0000] {logging_mixin.py:188} INFO - [2025-07-30T21:12:15.332+0000] {dag.py:3823} INFO - Setting next_dagrun for process_csv_data_pipeline to 2025-07-30 21:11:00+00:00, run_after=2025-07-30 21:12:00+00:00
[2025-07-30T21:12:15.347+0000] {processor.py:183} INFO - Processing /opt/airflow/dags/process_csv_data_pipeline.py took 0.748 seconds
[2025-07-30T21:25:59.132+0000] {processor.py:161} INFO - Started process (PID=177) to work on /opt/airflow/dags/process_csv_data_pipeline.py
[2025-07-30T21:25:59.134+0000] {processor.py:830} INFO - Processing file /opt/airflow/dags/process_csv_data_pipeline.py for tasks to queue
[2025-07-30T21:25:59.138+0000] {logging_mixin.py:188} INFO - [2025-07-30T21:25:59.137+0000] {dagbag.py:538} INFO - Filling up the DagBag from /opt/airflow/dags/process_csv_data_pipeline.py
[2025-07-30T21:26:00.176+0000] {processor.py:840} INFO - DAG(s) 'process_csv_data_pipeline' retrieved from /opt/airflow/dags/process_csv_data_pipeline.py
[2025-07-30T21:26:00.754+0000] {logging_mixin.py:188} INFO - [2025-07-30T21:26:00.754+0000] {override.py:1769} INFO - Created Permission View: can edit on DAG:process_csv_data_pipeline
[2025-07-30T21:26:00.760+0000] {logging_mixin.py:188} INFO - [2025-07-30T21:26:00.760+0000] {override.py:1769} INFO - Created Permission View: can delete on DAG:process_csv_data_pipeline
[2025-07-30T21:26:00.763+0000] {logging_mixin.py:188} INFO - [2025-07-30T21:26:00.763+0000] {override.py:1769} INFO - Created Permission View: can read on DAG:process_csv_data_pipeline
[2025-07-30T21:26:00.763+0000] {logging_mixin.py:188} INFO - [2025-07-30T21:26:00.763+0000] {dag.py:3036} INFO - Sync 1 DAGs
[2025-07-30T21:26:00.774+0000] {logging_mixin.py:188} INFO - [2025-07-30T21:26:00.774+0000] {dag.py:3058} INFO - Creating ORM DAG for process_csv_data_pipeline
[2025-07-30T21:26:00.788+0000] {logging_mixin.py:188} INFO - [2025-07-30T21:26:00.788+0000] {dag.py:3823} INFO - Setting next_dagrun for process_csv_data_pipeline to 2025-07-30 21:25:00+00:00, run_after=2025-07-30 21:26:00+00:00
[2025-07-30T21:26:00.865+0000] {processor.py:183} INFO - Processing /opt/airflow/dags/process_csv_data_pipeline.py took 1.742 seconds
[2025-07-30T21:27:37.157+0000] {processor.py:161} INFO - Started process (PID=177) to work on /opt/airflow/dags/process_csv_data_pipeline.py
[2025-07-30T21:27:37.161+0000] {processor.py:830} INFO - Processing file /opt/airflow/dags/process_csv_data_pipeline.py for tasks to queue
[2025-07-30T21:27:37.162+0000] {logging_mixin.py:188} INFO - [2025-07-30T21:27:37.162+0000] {dagbag.py:538} INFO - Filling up the DagBag from /opt/airflow/dags/process_csv_data_pipeline.py
[2025-07-30T21:27:37.627+0000] {processor.py:840} INFO - DAG(s) 'process_csv_data_pipeline' retrieved from /opt/airflow/dags/process_csv_data_pipeline.py
[2025-07-30T21:27:38.014+0000] {logging_mixin.py:188} INFO - [2025-07-30T21:27:38.013+0000] {dag.py:3036} INFO - Sync 1 DAGs
[2025-07-30T21:27:38.035+0000] {logging_mixin.py:188} INFO - [2025-07-30T21:27:38.034+0000] {dag.py:3823} INFO - Setting next_dagrun for process_csv_data_pipeline to 2025-07-30 21:26:00+00:00, run_after=2025-07-30 21:27:00+00:00
[2025-07-30T21:27:38.052+0000] {processor.py:183} INFO - Processing /opt/airflow/dags/process_csv_data_pipeline.py took 0.899 seconds
[2025-07-30T23:57:58.172+0000] {processor.py:161} INFO - Started process (PID=185) to work on /opt/airflow/dags/process_csv_data_pipeline.py
[2025-07-30T23:57:58.173+0000] {processor.py:830} INFO - Processing file /opt/airflow/dags/process_csv_data_pipeline.py for tasks to queue
[2025-07-30T23:57:58.174+0000] {logging_mixin.py:188} INFO - [2025-07-30T23:57:58.174+0000] {dagbag.py:538} INFO - Filling up the DagBag from /opt/airflow/dags/process_csv_data_pipeline.py
[2025-07-30T23:57:58.615+0000] {processor.py:840} INFO - DAG(s) 'process_csv_data_pipeline' retrieved from /opt/airflow/dags/process_csv_data_pipeline.py
[2025-07-30T23:57:59.045+0000] {logging_mixin.py:188} INFO - [2025-07-30T23:57:59.044+0000] {override.py:1769} INFO - Created Permission View: can delete on DAG:process_csv_data_pipeline
[2025-07-30T23:57:59.056+0000] {logging_mixin.py:188} INFO - [2025-07-30T23:57:59.055+0000] {override.py:1769} INFO - Created Permission View: can edit on DAG:process_csv_data_pipeline
[2025-07-30T23:57:59.062+0000] {logging_mixin.py:188} INFO - [2025-07-30T23:57:59.062+0000] {override.py:1769} INFO - Created Permission View: can read on DAG:process_csv_data_pipeline
[2025-07-30T23:57:59.063+0000] {logging_mixin.py:188} INFO - [2025-07-30T23:57:59.063+0000] {dag.py:3036} INFO - Sync 1 DAGs
[2025-07-30T23:57:59.075+0000] {logging_mixin.py:188} INFO - [2025-07-30T23:57:59.075+0000] {dag.py:3058} INFO - Creating ORM DAG for process_csv_data_pipeline
[2025-07-30T23:57:59.091+0000] {logging_mixin.py:188} INFO - [2025-07-30T23:57:59.091+0000] {dag.py:3823} INFO - Setting next_dagrun for process_csv_data_pipeline to 2025-07-30 23:56:00+00:00, run_after=2025-07-30 23:57:00+00:00
[2025-07-30T23:57:59.120+0000] {processor.py:183} INFO - Processing /opt/airflow/dags/process_csv_data_pipeline.py took 0.951 seconds
[2025-07-30T23:58:29.323+0000] {processor.py:161} INFO - Started process (PID=205) to work on /opt/airflow/dags/process_csv_data_pipeline.py
[2025-07-30T23:58:29.324+0000] {processor.py:830} INFO - Processing file /opt/airflow/dags/process_csv_data_pipeline.py for tasks to queue
[2025-07-30T23:58:29.325+0000] {logging_mixin.py:188} INFO - [2025-07-30T23:58:29.325+0000] {dagbag.py:538} INFO - Filling up the DagBag from /opt/airflow/dags/process_csv_data_pipeline.py
[2025-07-30T23:58:29.913+0000] {processor.py:840} INFO - DAG(s) 'process_csv_data_pipeline' retrieved from /opt/airflow/dags/process_csv_data_pipeline.py
[2025-07-30T23:58:29.950+0000] {logging_mixin.py:188} INFO - [2025-07-30T23:58:29.949+0000] {dag.py:3036} INFO - Sync 1 DAGs
[2025-07-30T23:58:29.993+0000] {logging_mixin.py:188} INFO - [2025-07-30T23:58:29.993+0000] {dag.py:3823} INFO - Setting next_dagrun for process_csv_data_pipeline to 2025-07-30 23:57:00+00:00, run_after=2025-07-30 23:58:00+00:00
[2025-07-30T23:58:30.029+0000] {processor.py:183} INFO - Processing /opt/airflow/dags/process_csv_data_pipeline.py took 0.710 seconds
[2025-07-30T23:59:00.366+0000] {processor.py:161} INFO - Started process (PID=217) to work on /opt/airflow/dags/process_csv_data_pipeline.py
[2025-07-30T23:59:00.368+0000] {processor.py:830} INFO - Processing file /opt/airflow/dags/process_csv_data_pipeline.py for tasks to queue
[2025-07-30T23:59:00.370+0000] {logging_mixin.py:188} INFO - [2025-07-30T23:59:00.369+0000] {dagbag.py:538} INFO - Filling up the DagBag from /opt/airflow/dags/process_csv_data_pipeline.py
[2025-07-30T23:59:00.774+0000] {processor.py:840} INFO - DAG(s) 'process_csv_data_pipeline' retrieved from /opt/airflow/dags/process_csv_data_pipeline.py
[2025-07-30T23:59:00.811+0000] {logging_mixin.py:188} INFO - [2025-07-30T23:59:00.811+0000] {dag.py:3036} INFO - Sync 1 DAGs
[2025-07-30T23:59:00.976+0000] {logging_mixin.py:188} INFO - [2025-07-30T23:59:00.976+0000] {dag.py:3823} INFO - Setting next_dagrun for process_csv_data_pipeline to 2025-07-30 23:58:00+00:00, run_after=2025-07-30 23:59:00+00:00
[2025-07-30T23:59:00.999+0000] {processor.py:183} INFO - Processing /opt/airflow/dags/process_csv_data_pipeline.py took 0.640 seconds
[2025-07-30T23:59:31.195+0000] {processor.py:161} INFO - Started process (PID=231) to work on /opt/airflow/dags/process_csv_data_pipeline.py
[2025-07-30T23:59:31.196+0000] {processor.py:830} INFO - Processing file /opt/airflow/dags/process_csv_data_pipeline.py for tasks to queue
[2025-07-30T23:59:31.198+0000] {logging_mixin.py:188} INFO - [2025-07-30T23:59:31.197+0000] {dagbag.py:538} INFO - Filling up the DagBag from /opt/airflow/dags/process_csv_data_pipeline.py
[2025-07-30T23:59:31.520+0000] {processor.py:840} INFO - DAG(s) 'process_csv_data_pipeline' retrieved from /opt/airflow/dags/process_csv_data_pipeline.py
[2025-07-30T23:59:31.554+0000] {logging_mixin.py:188} INFO - [2025-07-30T23:59:31.553+0000] {dag.py:3036} INFO - Sync 1 DAGs
[2025-07-30T23:59:31.585+0000] {logging_mixin.py:188} INFO - [2025-07-30T23:59:31.585+0000] {dag.py:3823} INFO - Setting next_dagrun for process_csv_data_pipeline to 2025-07-30 23:58:00+00:00, run_after=2025-07-30 23:59:00+00:00
[2025-07-30T23:59:31.605+0000] {processor.py:183} INFO - Processing /opt/airflow/dags/process_csv_data_pipeline.py took 0.413 seconds
