[2025-07-31T00:21:05.718+0000] {taskinstance.py:1956} INFO - Dependencies all met for dep_context=non-requeueable deps ti=<TaskInstance: process_csv_data_pipeline.process_csv_data scheduled__2025-07-31T00:20:00+00:00 [queued]>
[2025-07-31T00:21:05.726+0000] {taskinstance.py:1956} INFO - Dependencies all met for dep_context=requeueable deps ti=<TaskInstance: process_csv_data_pipeline.process_csv_data scheduled__2025-07-31T00:20:00+00:00 [queued]>
[2025-07-31T00:21:05.726+0000] {taskinstance.py:2170} INFO - Starting attempt 1 of 3
[2025-07-31T00:21:05.737+0000] {taskinstance.py:2191} INFO - Executing <Task(PythonOperator): process_csv_data> on 2025-07-31 00:20:00+00:00
[2025-07-31T00:21:05.741+0000] {standard_task_runner.py:60} INFO - Started process 1395 to run task
[2025-07-31T00:21:05.744+0000] {standard_task_runner.py:87} INFO - Running: ['airflow', 'tasks', 'run', 'process_csv_data_pipeline', 'process_csv_data', 'scheduled__2025-07-31T00:20:00+00:00', '--job-id', '105', '--raw', '--subdir', 'DAGS_FOLDER/process_csv_data_pipeline.py', '--cfg-path', '/tmp/tmpwtq8inx3']
[2025-07-31T00:21:05.746+0000] {standard_task_runner.py:88} INFO - Job 105: Subtask process_csv_data
[2025-07-31T00:21:05.829+0000] {task_command.py:423} INFO - Running <TaskInstance: process_csv_data_pipeline.process_csv_data scheduled__2025-07-31T00:20:00+00:00 [running]> on host 760c76e3a117
[2025-07-31T00:21:06.185+0000] {taskinstance.py:2480} INFO - Exporting env vars: AIRFLOW_CTX_DAG_OWNER='plant-analytics-team' AIRFLOW_CTX_DAG_ID='process_csv_data_pipeline' AIRFLOW_CTX_TASK_ID='process_csv_data' AIRFLOW_CTX_EXECUTION_DATE='2025-07-31T00:20:00+00:00' AIRFLOW_CTX_TRY_NUMBER='1' AIRFLOW_CTX_DAG_RUN_ID='scheduled__2025-07-31T00:20:00+00:00'
[2025-07-31T00:21:06.186+0000] {process_csv_data_pipeline.py:159} INFO - 🌊 Starting CSV data processing...
[2025-07-31T00:21:06.208+0000] {csv_processor.py:199} INFO - 📥 Processing file: egridData.csv
[2025-07-31T00:21:06.325+0000] {minio_client.py:102} INFO - 📥 Downloaded egridData.csv to /tmp/egridData.csv
[2025-07-31T00:21:06.326+0000] {csv_processor.py:211} INFO - 🔍 Validating CSV structure using header row...
[2025-07-31T00:21:06.335+0000] {csv_processor.py:228} INFO - ✅ CSV validation passed, processing data from row 3 onwards...
[2025-07-31T00:21:06.671+0000] {db_client.py:63} INFO - 💾 Successfully inserted 1000 records into egrid_data
[2025-07-31T00:21:06.671+0000] {csv_processor.py:256} INFO - ✅ Processed chunk: 1000 records from egridData.csv
[2025-07-31T00:21:06.923+0000] {db_client.py:63} INFO - 💾 Successfully inserted 1000 records into egrid_data
[2025-07-31T00:21:06.924+0000] {csv_processor.py:256} INFO - ✅ Processed chunk: 1000 records from egridData.csv
[2025-07-31T00:21:07.227+0000] {db_client.py:63} INFO - 💾 Successfully inserted 1000 records into egrid_data
[2025-07-31T00:21:07.227+0000] {csv_processor.py:256} INFO - ✅ Processed chunk: 1000 records from egridData.csv
[2025-07-31T00:21:07.508+0000] {db_client.py:63} INFO - 💾 Successfully inserted 1000 records into egrid_data
[2025-07-31T00:21:07.509+0000] {csv_processor.py:256} INFO - ✅ Processed chunk: 1000 records from egridData.csv
[2025-07-31T00:21:07.773+0000] {db_client.py:63} INFO - 💾 Successfully inserted 1000 records into egrid_data
[2025-07-31T00:21:07.773+0000] {csv_processor.py:256} INFO - ✅ Processed chunk: 1000 records from egridData.csv
[2025-07-31T00:21:08.021+0000] {db_client.py:63} INFO - 💾 Successfully inserted 1000 records into egrid_data
[2025-07-31T00:21:08.022+0000] {csv_processor.py:256} INFO - ✅ Processed chunk: 1000 records from egridData.csv
[2025-07-31T00:21:08.298+0000] {db_client.py:63} INFO - 💾 Successfully inserted 1000 records into egrid_data
[2025-07-31T00:21:08.299+0000] {csv_processor.py:256} INFO - ✅ Processed chunk: 1000 records from egridData.csv
[2025-07-31T00:21:08.549+0000] {db_client.py:63} INFO - 💾 Successfully inserted 1000 records into egrid_data
[2025-07-31T00:21:08.549+0000] {csv_processor.py:256} INFO - ✅ Processed chunk: 1000 records from egridData.csv
[2025-07-31T00:21:08.824+0000] {db_client.py:63} INFO - 💾 Successfully inserted 1000 records into egrid_data
[2025-07-31T00:21:08.824+0000] {csv_processor.py:256} INFO - ✅ Processed chunk: 1000 records from egridData.csv
[2025-07-31T00:21:09.148+0000] {db_client.py:63} INFO - 💾 Successfully inserted 1000 records into egrid_data
[2025-07-31T00:21:09.149+0000] {csv_processor.py:256} INFO - ✅ Processed chunk: 1000 records from egridData.csv
[2025-07-31T00:21:09.427+0000] {db_client.py:63} INFO - 💾 Successfully inserted 1000 records into egrid_data
[2025-07-31T00:21:09.428+0000] {csv_processor.py:256} INFO - ✅ Processed chunk: 1000 records from egridData.csv
[2025-07-31T00:21:09.687+0000] {db_client.py:63} INFO - 💾 Successfully inserted 1000 records into egrid_data
[2025-07-31T00:21:09.688+0000] {csv_processor.py:256} INFO - ✅ Processed chunk: 1000 records from egridData.csv
[2025-07-31T00:21:10.118+0000] {db_client.py:63} INFO - 💾 Successfully inserted 1000 records into egrid_data
[2025-07-31T00:21:10.119+0000] {csv_processor.py:256} INFO - ✅ Processed chunk: 1000 records from egridData.csv
[2025-07-31T00:21:10.447+0000] {db_client.py:63} INFO - 💾 Successfully inserted 1000 records into egrid_data
[2025-07-31T00:21:10.447+0000] {csv_processor.py:256} INFO - ✅ Processed chunk: 1000 records from egridData.csv
[2025-07-31T00:21:10.777+0000] {db_client.py:63} INFO - 💾 Successfully inserted 1000 records into egrid_data
[2025-07-31T00:21:10.777+0000] {csv_processor.py:256} INFO - ✅ Processed chunk: 1000 records from egridData.csv
[2025-07-31T00:21:11.058+0000] {db_client.py:63} INFO - 💾 Successfully inserted 1000 records into egrid_data
[2025-07-31T00:21:11.058+0000] {csv_processor.py:256} INFO - ✅ Processed chunk: 1000 records from egridData.csv
[2025-07-31T00:21:11.362+0000] {db_client.py:63} INFO - 💾 Successfully inserted 1000 records into egrid_data
[2025-07-31T00:21:11.363+0000] {csv_processor.py:256} INFO - ✅ Processed chunk: 1000 records from egridData.csv
[2025-07-31T00:21:11.660+0000] {db_client.py:63} INFO - 💾 Successfully inserted 1000 records into egrid_data
[2025-07-31T00:21:11.661+0000] {csv_processor.py:256} INFO - ✅ Processed chunk: 1000 records from egridData.csv
[2025-07-31T00:21:11.928+0000] {db_client.py:63} INFO - 💾 Successfully inserted 1000 records into egrid_data
[2025-07-31T00:21:11.929+0000] {csv_processor.py:256} INFO - ✅ Processed chunk: 1000 records from egridData.csv
[2025-07-31T00:21:12.317+0000] {db_client.py:63} INFO - 💾 Successfully inserted 1000 records into egrid_data
[2025-07-31T00:21:12.318+0000] {csv_processor.py:256} INFO - ✅ Processed chunk: 1000 records from egridData.csv
[2025-07-31T00:21:12.621+0000] {db_client.py:63} INFO - 💾 Successfully inserted 1000 records into egrid_data
[2025-07-31T00:21:12.621+0000] {csv_processor.py:256} INFO - ✅ Processed chunk: 1000 records from egridData.csv
[2025-07-31T00:21:12.949+0000] {db_client.py:63} INFO - 💾 Successfully inserted 1000 records into egrid_data
[2025-07-31T00:21:12.950+0000] {csv_processor.py:256} INFO - ✅ Processed chunk: 1000 records from egridData.csv
[2025-07-31T00:21:13.247+0000] {db_client.py:63} INFO - 💾 Successfully inserted 1000 records into egrid_data
[2025-07-31T00:21:13.248+0000] {csv_processor.py:256} INFO - ✅ Processed chunk: 1000 records from egridData.csv
[2025-07-31T00:21:13.566+0000] {db_client.py:63} INFO - 💾 Successfully inserted 1000 records into egrid_data
[2025-07-31T00:21:13.567+0000] {csv_processor.py:256} INFO - ✅ Processed chunk: 1000 records from egridData.csv
[2025-07-31T00:21:13.833+0000] {db_client.py:63} INFO - 💾 Successfully inserted 1000 records into egrid_data
[2025-07-31T00:21:13.834+0000] {csv_processor.py:256} INFO - ✅ Processed chunk: 1000 records from egridData.csv
[2025-07-31T00:21:14.105+0000] {db_client.py:63} INFO - 💾 Successfully inserted 1000 records into egrid_data
[2025-07-31T00:21:14.105+0000] {csv_processor.py:256} INFO - ✅ Processed chunk: 1000 records from egridData.csv
[2025-07-31T00:21:14.309+0000] {db_client.py:63} INFO - 💾 Successfully inserted 601 records into egrid_data
[2025-07-31T00:21:14.310+0000] {csv_processor.py:256} INFO - ✅ Processed chunk: 601 records from egridData.csv
[2025-07-31T00:21:14.310+0000] {csv_processor.py:258} INFO - 📊 Completed file egridData.csv: 26601 records
[2025-07-31T00:21:14.311+0000] {process_csv_data_pipeline.py:192} INFO - 🎉 Processing complete! Total records: 26601
[2025-07-31T00:21:14.311+0000] {python.py:201} INFO - Done. Returned value was: {'total_records': 26601}
[2025-07-31T00:21:14.388+0000] {taskinstance.py:1138} INFO - Marking task as SUCCESS. dag_id=process_csv_data_pipeline, task_id=process_csv_data, execution_date=20250731T002000, start_date=20250731T002105, end_date=20250731T002114
[2025-07-31T00:21:14.450+0000] {local_task_job_runner.py:234} INFO - Task exited with return code 0
[2025-07-31T00:21:14.484+0000] {taskinstance.py:3280} INFO - 1 downstream tasks scheduled from follow-on schedule check
