[2025-07-31T01:47:10.759+0000] {taskinstance.py:1956} INFO - Dependencies all met for dep_context=non-requeueable deps ti=<TaskInstance: process_csv_data_pipeline.generate_report manual__2025-07-31T01:44:32.204044+00:00 [queued]>
[2025-07-31T01:47:10.772+0000] {taskinstance.py:1956} INFO - Dependencies all met for dep_context=requeueable deps ti=<TaskInstance: process_csv_data_pipeline.generate_report manual__2025-07-31T01:44:32.204044+00:00 [queued]>
[2025-07-31T01:47:10.772+0000] {taskinstance.py:2170} INFO - Starting attempt 1 of 3
[2025-07-31T01:47:10.794+0000] {taskinstance.py:2191} INFO - Executing <Task(PythonOperator): generate_report> on 2025-07-31 01:44:32.204044+00:00
[2025-07-31T01:47:10.800+0000] {standard_task_runner.py:60} INFO - Started process 406 to run task
[2025-07-31T01:47:10.804+0000] {standard_task_runner.py:87} INFO - Running: ['airflow', 'tasks', 'run', 'process_csv_data_pipeline', 'generate_report', 'manual__2025-07-31T01:44:32.204044+00:00', '--job-id', '11', '--raw', '--subdir', 'DAGS_FOLDER/process_csv_data_pipeline.py', '--cfg-path', '/tmp/tmp49j7f8kn']
[2025-07-31T01:47:10.808+0000] {standard_task_runner.py:88} INFO - Job 11: Subtask generate_report
[2025-07-31T01:47:10.912+0000] {task_command.py:423} INFO - Running <TaskInstance: process_csv_data_pipeline.generate_report manual__2025-07-31T01:44:32.204044+00:00 [running]> on host ecd2a07b0f65
[2025-07-31T01:47:11.282+0000] {taskinstance.py:2480} INFO - Exporting env vars: AIRFLOW_CTX_DAG_OWNER='plant-analytics-team' AIRFLOW_CTX_DAG_ID='process_csv_data_pipeline' AIRFLOW_CTX_TASK_ID='generate_report' AIRFLOW_CTX_EXECUTION_DATE='2025-07-31T01:44:32.204044+00:00' AIRFLOW_CTX_TRY_NUMBER='1' AIRFLOW_CTX_DAG_RUN_ID='manual__2025-07-31T01:44:32.204044+00:00'
[2025-07-31T01:47:11.284+0000] {process_csv_data_pipeline.py:198} INFO - 📊 Generating processing report...
[2025-07-31T01:47:11.367+0000] {logging_mixin.py:188} WARNING - /home/airflow/.local/lib/python3.11/site-packages/airflow/utils/context.py:315 AirflowContextDeprecationWarning: Accessing 'execution_date' from the template is deprecated and will be removed in a future version. Please use 'data_interval_start' or 'logical_date' instead.
[2025-07-31T01:47:11.398+0000] {process_csv_data_pipeline.py:232} INFO - ✅ Report generated: {
  "pipeline_run_id": "manual__2025-07-31T01:44:32.204044+00:00",
  "execution_date": "2025-07-31T01:44:32.204044+00:00",
  "files_scanned": 1,
  "files_validated": 1,
  "files_invalid": 0,
  "total_records_processed": 0,
  "success_rate": 100.0,
  "status": "completed"
}
[2025-07-31T01:47:11.399+0000] {python.py:201} INFO - Done. Returned value was: {'pipeline_run_id': 'manual__2025-07-31T01:44:32.204044+00:00', 'execution_date': '2025-07-31T01:44:32.204044+00:00', 'files_scanned': 1, 'files_validated': 1, 'files_invalid': 0, 'total_records_processed': 0, 'success_rate': 100.0, 'status': 'completed'}
[2025-07-31T01:47:11.453+0000] {taskinstance.py:1138} INFO - Marking task as SUCCESS. dag_id=process_csv_data_pipeline, task_id=generate_report, execution_date=20250731T014432, start_date=20250731T014710, end_date=20250731T014711
[2025-07-31T01:47:11.479+0000] {local_task_job_runner.py:234} INFO - Task exited with return code 0
[2025-07-31T01:47:11.515+0000] {taskinstance.py:3280} INFO - 0 downstream tasks scheduled from follow-on schedule check
