[2025-07-31T01:25:03.918+0000] {taskinstance.py:1956} INFO - Dependencies all met for dep_context=non-requeueable deps ti=<TaskInstance: process_csv_data_pipeline.process_csv_data scheduled__2025-07-31T01:23:00+00:00 [queued]>
[2025-07-31T01:25:03.930+0000] {taskinstance.py:1956} INFO - Dependencies all met for dep_context=requeueable deps ti=<TaskInstance: process_csv_data_pipeline.process_csv_data scheduled__2025-07-31T01:23:00+00:00 [queued]>
[2025-07-31T01:25:03.930+0000] {taskinstance.py:2170} INFO - Starting attempt 1 of 3
[2025-07-31T01:25:03.945+0000] {taskinstance.py:2191} INFO - Executing <Task(PythonOperator): process_csv_data> on 2025-07-31 01:23:00+00:00
[2025-07-31T01:25:03.952+0000] {standard_task_runner.py:60} INFO - Started process 383 to run task
[2025-07-31T01:25:03.956+0000] {standard_task_runner.py:87} INFO - Running: ['airflow', 'tasks', 'run', 'process_csv_data_pipeline', 'process_csv_data', 'scheduled__2025-07-31T01:23:00+00:00', '--job-id', '5', '--raw', '--subdir', 'DAGS_FOLDER/process_csv_data_pipeline.py', '--cfg-path', '/tmp/tmp8v51smo5']
[2025-07-31T01:25:03.960+0000] {standard_task_runner.py:88} INFO - Job 5: Subtask process_csv_data
[2025-07-31T01:25:04.056+0000] {task_command.py:423} INFO - Running <TaskInstance: process_csv_data_pipeline.process_csv_data scheduled__2025-07-31T01:23:00+00:00 [running]> on host 595a9b00cd31
[2025-07-31T01:25:04.399+0000] {taskinstance.py:2480} INFO - Exporting env vars: AIRFLOW_CTX_DAG_OWNER='plant-analytics-team' AIRFLOW_CTX_DAG_ID='process_csv_data_pipeline' AIRFLOW_CTX_TASK_ID='process_csv_data' AIRFLOW_CTX_EXECUTION_DATE='2025-07-31T01:23:00+00:00' AIRFLOW_CTX_TRY_NUMBER='1' AIRFLOW_CTX_DAG_RUN_ID='scheduled__2025-07-31T01:23:00+00:00'
[2025-07-31T01:25:04.402+0000] {process_csv_data_pipeline.py:159} INFO - 🌊 Starting CSV data processing...
[2025-07-31T01:25:04.429+0000] {csv_processor.py:199} INFO - 📥 Processing file: egridData.csv
[2025-07-31T01:25:04.554+0000] {minio_client.py:102} INFO - 📥 Downloaded egridData.csv to /tmp/egridData.csv
[2025-07-31T01:25:04.554+0000] {csv_processor.py:211} INFO - 🔍 Validating CSV structure using header row...
[2025-07-31T01:25:04.564+0000] {csv_processor.py:228} INFO - ✅ CSV validation passed, processing data from row 3 onwards...
[2025-07-31T01:25:05.045+0000] {db_client.py:63} INFO - 💾 Successfully inserted 1000 records into egrid_data
[2025-07-31T01:25:05.046+0000] {csv_processor.py:256} INFO - ✅ Processed chunk: 1000 records from egridData.csv
[2025-07-31T01:25:05.507+0000] {db_client.py:63} INFO - 💾 Successfully inserted 1000 records into egrid_data
[2025-07-31T01:25:05.508+0000] {csv_processor.py:256} INFO - ✅ Processed chunk: 1000 records from egridData.csv
[2025-07-31T01:25:05.965+0000] {db_client.py:63} INFO - 💾 Successfully inserted 1000 records into egrid_data
[2025-07-31T01:25:05.965+0000] {csv_processor.py:256} INFO - ✅ Processed chunk: 1000 records from egridData.csv
[2025-07-31T01:25:06.425+0000] {db_client.py:63} INFO - 💾 Successfully inserted 1000 records into egrid_data
[2025-07-31T01:25:06.426+0000] {csv_processor.py:256} INFO - ✅ Processed chunk: 1000 records from egridData.csv
[2025-07-31T01:25:06.873+0000] {db_client.py:63} INFO - 💾 Successfully inserted 1000 records into egrid_data
[2025-07-31T01:25:06.873+0000] {csv_processor.py:256} INFO - ✅ Processed chunk: 1000 records from egridData.csv
[2025-07-31T01:25:07.411+0000] {db_client.py:63} INFO - 💾 Successfully inserted 1000 records into egrid_data
[2025-07-31T01:25:07.412+0000] {csv_processor.py:256} INFO - ✅ Processed chunk: 1000 records from egridData.csv
[2025-07-31T01:25:08.037+0000] {db_client.py:63} INFO - 💾 Successfully inserted 1000 records into egrid_data
[2025-07-31T01:25:08.038+0000] {csv_processor.py:256} INFO - ✅ Processed chunk: 1000 records from egridData.csv
[2025-07-31T01:25:08.547+0000] {db_client.py:63} INFO - 💾 Successfully inserted 1000 records into egrid_data
[2025-07-31T01:25:08.548+0000] {csv_processor.py:256} INFO - ✅ Processed chunk: 1000 records from egridData.csv
[2025-07-31T01:25:08.999+0000] {db_client.py:63} INFO - 💾 Successfully inserted 1000 records into egrid_data
[2025-07-31T01:25:09.000+0000] {csv_processor.py:256} INFO - ✅ Processed chunk: 1000 records from egridData.csv
[2025-07-31T01:25:09.439+0000] {db_client.py:63} INFO - 💾 Successfully inserted 1000 records into egrid_data
[2025-07-31T01:25:09.439+0000] {csv_processor.py:256} INFO - ✅ Processed chunk: 1000 records from egridData.csv
[2025-07-31T01:25:09.878+0000] {db_client.py:63} INFO - 💾 Successfully inserted 1000 records into egrid_data
[2025-07-31T01:25:09.878+0000] {csv_processor.py:256} INFO - ✅ Processed chunk: 1000 records from egridData.csv
[2025-07-31T01:25:10.315+0000] {db_client.py:63} INFO - 💾 Successfully inserted 1000 records into egrid_data
[2025-07-31T01:25:10.316+0000] {csv_processor.py:256} INFO - ✅ Processed chunk: 1000 records from egridData.csv
[2025-07-31T01:25:10.759+0000] {db_client.py:63} INFO - 💾 Successfully inserted 1000 records into egrid_data
[2025-07-31T01:25:10.761+0000] {csv_processor.py:256} INFO - ✅ Processed chunk: 1000 records from egridData.csv
[2025-07-31T01:25:11.233+0000] {db_client.py:63} INFO - 💾 Successfully inserted 1000 records into egrid_data
[2025-07-31T01:25:11.233+0000] {csv_processor.py:256} INFO - ✅ Processed chunk: 1000 records from egridData.csv
[2025-07-31T01:25:11.708+0000] {db_client.py:63} INFO - 💾 Successfully inserted 1000 records into egrid_data
[2025-07-31T01:25:11.708+0000] {csv_processor.py:256} INFO - ✅ Processed chunk: 1000 records from egridData.csv
[2025-07-31T01:25:11.876+0000] {db_client.py:68} ERROR - ❌ Error bulk inserting records: (psycopg2.errors.UniqueViolation) duplicate key value violates unique constraint "uk_egrid_data_unique"
DETAIL:  Key (gen_id, year, state, plant_name)=(1, 2023, NC, Smithfield Packaged Meats Corp.) already exists.

[SQL: 
                INSERT INTO egrid_data (gen_id, year, state, plant_name, net_generation)
                VALUES (%(gen_id)s, %(year)s, %(state)s, %(plant_name)s, %(net_generation)s)
            ]
[parameters: ({'gen_id': '20032', 'year': 2023, 'state': 'NC', 'plant_name': 'Panda Solar NC 11, LLC', 'net_generation': 3616.0}, {'gen_id': '20003', 'year': 2023, 'state': 'NC', 'plant_name': 'Panda Solar NC 2, LLC', 'net_generation': 3332.0}, {'gen_id': '20011', 'year': 2023, 'state': 'NC', 'plant_name': 'Panda Solar NC 3, LLC', 'net_generation': 4042.0}, {'gen_id': '20009', 'year': 2023, 'state': 'NC', 'plant_name': 'Panda Solar NC 4, LLC', 'net_generation': 3911.0}, {'gen_id': '20007', 'year': 2023, 'state': 'NC', 'plant_name': 'Panda Solar NC 5, LLC', 'net_generation': 1815.0}, {'gen_id': '20028', 'year': 2023, 'state': 'NC', 'plant_name': 'Panda Solar NC 6, LLC', 'net_generation': 1610.0}, {'gen_id': '20038', 'year': 2023, 'state': 'NC', 'plant_name': 'Panda Solar NC 7, LLC', 'net_generation': 2807.0}, {'gen_id': '20052', 'year': 2023, 'state': 'NC', 'plant_name': 'Panda Solar NC 8, LLC', 'net_generation': 3508.0}  ... displaying 10 of 1000 total bound parameter sets ...  {'gen_id': 'GT1', 'year': 2023, 'state': 'NH', 'plant_name': 'White Lake', 'net_generation': 552.0}, {'gen_id': '246', 'year': 2023, 'state': 'NJ', 'plant_name': '10 Finderne Avenue Solar, LLC', 'net_generation': 3508.0})]
(Background on this error at: https://sqlalche.me/e/14/gkpj)
[2025-07-31T01:25:11.877+0000] {csv_processor.py:262} ERROR - ❌ Error processing file egridData.csv: (psycopg2.errors.UniqueViolation) duplicate key value violates unique constraint "uk_egrid_data_unique"
DETAIL:  Key (gen_id, year, state, plant_name)=(1, 2023, NC, Smithfield Packaged Meats Corp.) already exists.

[SQL: 
                INSERT INTO egrid_data (gen_id, year, state, plant_name, net_generation)
                VALUES (%(gen_id)s, %(year)s, %(state)s, %(plant_name)s, %(net_generation)s)
            ]
[parameters: ({'gen_id': '20032', 'year': 2023, 'state': 'NC', 'plant_name': 'Panda Solar NC 11, LLC', 'net_generation': 3616.0}, {'gen_id': '20003', 'year': 2023, 'state': 'NC', 'plant_name': 'Panda Solar NC 2, LLC', 'net_generation': 3332.0}, {'gen_id': '20011', 'year': 2023, 'state': 'NC', 'plant_name': 'Panda Solar NC 3, LLC', 'net_generation': 4042.0}, {'gen_id': '20009', 'year': 2023, 'state': 'NC', 'plant_name': 'Panda Solar NC 4, LLC', 'net_generation': 3911.0}, {'gen_id': '20007', 'year': 2023, 'state': 'NC', 'plant_name': 'Panda Solar NC 5, LLC', 'net_generation': 1815.0}, {'gen_id': '20028', 'year': 2023, 'state': 'NC', 'plant_name': 'Panda Solar NC 6, LLC', 'net_generation': 1610.0}, {'gen_id': '20038', 'year': 2023, 'state': 'NC', 'plant_name': 'Panda Solar NC 7, LLC', 'net_generation': 2807.0}, {'gen_id': '20052', 'year': 2023, 'state': 'NC', 'plant_name': 'Panda Solar NC 8, LLC', 'net_generation': 3508.0}  ... displaying 10 of 1000 total bound parameter sets ...  {'gen_id': 'GT1', 'year': 2023, 'state': 'NH', 'plant_name': 'White Lake', 'net_generation': 552.0}, {'gen_id': '246', 'year': 2023, 'state': 'NJ', 'plant_name': '10 Finderne Avenue Solar, LLC', 'net_generation': 3508.0})]
(Background on this error at: https://sqlalche.me/e/14/gkpj)
[2025-07-31T01:25:11.880+0000] {connection_workflow.py:179} INFO - Pika version 1.3.2 connecting to ('172.18.0.6', 5672)
[2025-07-31T01:25:11.882+0000] {io_services_utils.py:345} INFO - Socket connected: <socket.socket fd=23, family=2, type=1, proto=6, laddr=('172.18.0.12', 48918), raddr=('172.18.0.6', 5672)>
[2025-07-31T01:25:11.883+0000] {connection_workflow.py:428} INFO - Streaming transport linked up: (<pika.adapters.utils.io_services_utils._AsyncPlaintextTransport object at 0x7f2ee9b61650>, _StreamingProtocolShim: <SelectConnection PROTOCOL transport=<pika.adapters.utils.io_services_utils._AsyncPlaintextTransport object at 0x7f2ee9b61650> params=<ConnectionParameters host=rabbitmq port=5672 virtual_host=/ ssl=False>>).
[2025-07-31T01:25:11.888+0000] {connection_workflow.py:293} INFO - AMQPConnector - reporting success: <SelectConnection OPEN transport=<pika.adapters.utils.io_services_utils._AsyncPlaintextTransport object at 0x7f2ee9b61650> params=<ConnectionParameters host=rabbitmq port=5672 virtual_host=/ ssl=False>>
[2025-07-31T01:25:11.889+0000] {connection_workflow.py:725} INFO - AMQPConnectionWorkflow - reporting success: <SelectConnection OPEN transport=<pika.adapters.utils.io_services_utils._AsyncPlaintextTransport object at 0x7f2ee9b61650> params=<ConnectionParameters host=rabbitmq port=5672 virtual_host=/ ssl=False>>
[2025-07-31T01:25:11.890+0000] {blocking_connection.py:453} INFO - Connection workflow succeeded: <SelectConnection OPEN transport=<pika.adapters.utils.io_services_utils._AsyncPlaintextTransport object at 0x7f2ee9b61650> params=<ConnectionParameters host=rabbitmq port=5672 virtual_host=/ ssl=False>>
[2025-07-31T01:25:11.890+0000] {blocking_connection.py:1264} INFO - Created channel=1
[2025-07-31T01:25:11.900+0000] {blocking_connection.py:802} INFO - Closing connection (200): Normal shutdown
[2025-07-31T01:25:11.901+0000] {channel.py:536} INFO - Closing channel (200): 'Normal shutdown' on <Channel number=1 OPEN conn=<SelectConnection OPEN transport=<pika.adapters.utils.io_services_utils._AsyncPlaintextTransport object at 0x7f2ee9b61650> params=<ConnectionParameters host=rabbitmq port=5672 virtual_host=/ ssl=False>>>
[2025-07-31T01:25:11.903+0000] {channel.py:1133} INFO - Received <Channel.CloseOk> on <Channel number=1 CLOSING conn=<SelectConnection OPEN transport=<pika.adapters.utils.io_services_utils._AsyncPlaintextTransport object at 0x7f2ee9b61650> params=<ConnectionParameters host=rabbitmq port=5672 virtual_host=/ ssl=False>>>
[2025-07-31T01:25:11.903+0000] {connection.py:1316} INFO - Closing connection (200): 'Normal shutdown'
[2025-07-31T01:25:11.905+0000] {io_services_utils.py:731} INFO - Aborting transport connection: state=1; <socket.socket fd=23, family=2, type=1, proto=6, laddr=('172.18.0.12', 48918), raddr=('172.18.0.6', 5672)>
[2025-07-31T01:25:11.905+0000] {io_services_utils.py:904} INFO - _AsyncTransportBase._initate_abort(): Initiating abrupt asynchronous transport shutdown: state=1; error=None; <socket.socket fd=23, family=2, type=1, proto=6, laddr=('172.18.0.12', 48918), raddr=('172.18.0.6', 5672)>
[2025-07-31T01:25:11.906+0000] {io_services_utils.py:869} INFO - Deactivating transport: state=1; <socket.socket fd=23, family=2, type=1, proto=6, laddr=('172.18.0.12', 48918), raddr=('172.18.0.6', 5672)>
[2025-07-31T01:25:11.906+0000] {connection.py:2017} INFO - AMQP stack terminated, failed to connect, or aborted: opened=True, error-arg=None; pending-error=ConnectionClosedByClient: (200) 'Normal shutdown'
[2025-07-31T01:25:11.907+0000] {connection.py:2086} INFO - Stack terminated due to ConnectionClosedByClient: (200) 'Normal shutdown'
[2025-07-31T01:25:11.907+0000] {io_services_utils.py:882} INFO - Closing transport socket and unlinking: state=3; <socket.socket fd=23, family=2, type=1, proto=6, laddr=('172.18.0.12', 48918), raddr=('172.18.0.6', 5672)>
[2025-07-31T01:25:11.908+0000] {blocking_connection.py:525} INFO - User-initiated close: result=(<SelectConnection CLOSED transport=None params=<ConnectionParameters host=rabbitmq port=5672 virtual_host=/ ssl=False>>, ConnectionClosedByClient: (200) 'Normal shutdown')
[2025-07-31T01:25:11.909+0000] {rabbitmq_client.py:116} INFO - 📧 Sent notification: error
[2025-07-31T01:25:11.910+0000] {process_csv_data_pipeline.py:192} INFO - 🎉 Processing complete! Total records: 0
[2025-07-31T01:25:11.910+0000] {python.py:201} INFO - Done. Returned value was: {'total_records': 0}
[2025-07-31T01:25:11.960+0000] {taskinstance.py:1138} INFO - Marking task as SUCCESS. dag_id=process_csv_data_pipeline, task_id=process_csv_data, execution_date=20250731T012300, start_date=20250731T012503, end_date=20250731T012511
[2025-07-31T01:25:12.025+0000] {local_task_job_runner.py:234} INFO - Task exited with return code 0
[2025-07-31T01:25:12.064+0000] {taskinstance.py:3280} INFO - 1 downstream tasks scheduled from follow-on schedule check
