[2025-07-31T00:15:07.071+0000] {taskinstance.py:1956} INFO - Dependencies all met for dep_context=non-requeueable deps ti=<TaskInstance: process_csv_data_pipeline.process_csv_data scheduled__2025-07-31T00:14:00+00:00 [queued]>
[2025-07-31T00:15:07.080+0000] {taskinstance.py:1956} INFO - Dependencies all met for dep_context=requeueable deps ti=<TaskInstance: process_csv_data_pipeline.process_csv_data scheduled__2025-07-31T00:14:00+00:00 [queued]>
[2025-07-31T00:15:07.080+0000] {taskinstance.py:2170} INFO - Starting attempt 1 of 3
[2025-07-31T00:15:07.091+0000] {taskinstance.py:2191} INFO - Executing <Task(PythonOperator): process_csv_data> on 2025-07-31 00:14:00+00:00
[2025-07-31T00:15:07.095+0000] {standard_task_runner.py:60} INFO - Started process 1072 to run task
[2025-07-31T00:15:07.098+0000] {standard_task_runner.py:87} INFO - Running: ['airflow', 'tasks', 'run', 'process_csv_data_pipeline', 'process_csv_data', 'scheduled__2025-07-31T00:14:00+00:00', '--job-id', '75', '--raw', '--subdir', 'DAGS_FOLDER/process_csv_data_pipeline.py', '--cfg-path', '/tmp/tmp7gykte36']
[2025-07-31T00:15:07.101+0000] {standard_task_runner.py:88} INFO - Job 75: Subtask process_csv_data
[2025-07-31T00:15:07.168+0000] {task_command.py:423} INFO - Running <TaskInstance: process_csv_data_pipeline.process_csv_data scheduled__2025-07-31T00:14:00+00:00 [running]> on host 760c76e3a117
[2025-07-31T00:15:07.453+0000] {taskinstance.py:2480} INFO - Exporting env vars: AIRFLOW_CTX_DAG_OWNER='plant-analytics-team' AIRFLOW_CTX_DAG_ID='process_csv_data_pipeline' AIRFLOW_CTX_TASK_ID='process_csv_data' AIRFLOW_CTX_EXECUTION_DATE='2025-07-31T00:14:00+00:00' AIRFLOW_CTX_TRY_NUMBER='1' AIRFLOW_CTX_DAG_RUN_ID='scheduled__2025-07-31T00:14:00+00:00'
[2025-07-31T00:15:07.454+0000] {process_csv_data_pipeline.py:159} INFO - 🌊 Starting CSV data processing...
[2025-07-31T00:15:07.473+0000] {csv_processor.py:199} INFO - 📥 Processing file: egridData.csv
[2025-07-31T00:15:07.560+0000] {minio_client.py:102} INFO - 📥 Downloaded egridData.csv to /tmp/egridData.csv
[2025-07-31T00:15:07.560+0000] {csv_processor.py:211} INFO - 🔍 Validating CSV structure using header row...
[2025-07-31T00:15:07.566+0000] {csv_processor.py:228} INFO - ✅ CSV validation passed, processing data from row 3 onwards...
[2025-07-31T00:15:07.895+0000] {db_client.py:63} INFO - 💾 Successfully inserted 1000 records into egrid_data
[2025-07-31T00:15:07.895+0000] {csv_processor.py:256} INFO - ✅ Processed chunk: 1000 records from egridData.csv
[2025-07-31T00:15:08.183+0000] {db_client.py:63} INFO - 💾 Successfully inserted 1000 records into egrid_data
[2025-07-31T00:15:08.183+0000] {csv_processor.py:256} INFO - ✅ Processed chunk: 1000 records from egridData.csv
[2025-07-31T00:15:08.498+0000] {db_client.py:63} INFO - 💾 Successfully inserted 1000 records into egrid_data
[2025-07-31T00:15:08.499+0000] {csv_processor.py:256} INFO - ✅ Processed chunk: 1000 records from egridData.csv
[2025-07-31T00:15:08.788+0000] {db_client.py:63} INFO - 💾 Successfully inserted 1000 records into egrid_data
[2025-07-31T00:15:08.788+0000] {csv_processor.py:256} INFO - ✅ Processed chunk: 1000 records from egridData.csv
[2025-07-31T00:15:09.076+0000] {db_client.py:63} INFO - 💾 Successfully inserted 1000 records into egrid_data
[2025-07-31T00:15:09.076+0000] {csv_processor.py:256} INFO - ✅ Processed chunk: 1000 records from egridData.csv
[2025-07-31T00:15:09.383+0000] {db_client.py:63} INFO - 💾 Successfully inserted 1000 records into egrid_data
[2025-07-31T00:15:09.384+0000] {csv_processor.py:256} INFO - ✅ Processed chunk: 1000 records from egridData.csv
[2025-07-31T00:15:09.681+0000] {db_client.py:63} INFO - 💾 Successfully inserted 1000 records into egrid_data
[2025-07-31T00:15:09.682+0000] {csv_processor.py:256} INFO - ✅ Processed chunk: 1000 records from egridData.csv
[2025-07-31T00:15:09.959+0000] {db_client.py:63} INFO - 💾 Successfully inserted 1000 records into egrid_data
[2025-07-31T00:15:09.960+0000] {csv_processor.py:256} INFO - ✅ Processed chunk: 1000 records from egridData.csv
[2025-07-31T00:15:10.262+0000] {db_client.py:63} INFO - 💾 Successfully inserted 1000 records into egrid_data
[2025-07-31T00:15:10.262+0000] {csv_processor.py:256} INFO - ✅ Processed chunk: 1000 records from egridData.csv
[2025-07-31T00:15:10.565+0000] {db_client.py:63} INFO - 💾 Successfully inserted 1000 records into egrid_data
[2025-07-31T00:15:10.565+0000] {csv_processor.py:256} INFO - ✅ Processed chunk: 1000 records from egridData.csv
[2025-07-31T00:15:10.839+0000] {db_client.py:63} INFO - 💾 Successfully inserted 1000 records into egrid_data
[2025-07-31T00:15:10.840+0000] {csv_processor.py:256} INFO - ✅ Processed chunk: 1000 records from egridData.csv
[2025-07-31T00:15:11.134+0000] {db_client.py:63} INFO - 💾 Successfully inserted 1000 records into egrid_data
[2025-07-31T00:15:11.135+0000] {csv_processor.py:256} INFO - ✅ Processed chunk: 1000 records from egridData.csv
[2025-07-31T00:15:11.446+0000] {db_client.py:63} INFO - 💾 Successfully inserted 1000 records into egrid_data
[2025-07-31T00:15:11.447+0000] {csv_processor.py:256} INFO - ✅ Processed chunk: 1000 records from egridData.csv
[2025-07-31T00:15:11.728+0000] {db_client.py:63} INFO - 💾 Successfully inserted 1000 records into egrid_data
[2025-07-31T00:15:11.729+0000] {csv_processor.py:256} INFO - ✅ Processed chunk: 1000 records from egridData.csv
[2025-07-31T00:15:12.005+0000] {db_client.py:63} INFO - 💾 Successfully inserted 1000 records into egrid_data
[2025-07-31T00:15:12.006+0000] {csv_processor.py:256} INFO - ✅ Processed chunk: 1000 records from egridData.csv
[2025-07-31T00:15:12.277+0000] {db_client.py:63} INFO - 💾 Successfully inserted 1000 records into egrid_data
[2025-07-31T00:15:12.278+0000] {csv_processor.py:256} INFO - ✅ Processed chunk: 1000 records from egridData.csv
[2025-07-31T00:15:12.531+0000] {db_client.py:63} INFO - 💾 Successfully inserted 1000 records into egrid_data
[2025-07-31T00:15:12.532+0000] {csv_processor.py:256} INFO - ✅ Processed chunk: 1000 records from egridData.csv
[2025-07-31T00:15:12.769+0000] {db_client.py:63} INFO - 💾 Successfully inserted 1000 records into egrid_data
[2025-07-31T00:15:12.769+0000] {csv_processor.py:256} INFO - ✅ Processed chunk: 1000 records from egridData.csv
[2025-07-31T00:15:13.060+0000] {db_client.py:63} INFO - 💾 Successfully inserted 1000 records into egrid_data
[2025-07-31T00:15:13.060+0000] {csv_processor.py:256} INFO - ✅ Processed chunk: 1000 records from egridData.csv
[2025-07-31T00:15:13.379+0000] {db_client.py:63} INFO - 💾 Successfully inserted 1000 records into egrid_data
[2025-07-31T00:15:13.379+0000] {csv_processor.py:256} INFO - ✅ Processed chunk: 1000 records from egridData.csv
[2025-07-31T00:15:13.674+0000] {db_client.py:63} INFO - 💾 Successfully inserted 1000 records into egrid_data
[2025-07-31T00:15:13.675+0000] {csv_processor.py:256} INFO - ✅ Processed chunk: 1000 records from egridData.csv
[2025-07-31T00:15:13.990+0000] {db_client.py:63} INFO - 💾 Successfully inserted 1000 records into egrid_data
[2025-07-31T00:15:13.991+0000] {csv_processor.py:256} INFO - ✅ Processed chunk: 1000 records from egridData.csv
[2025-07-31T00:15:14.288+0000] {db_client.py:63} INFO - 💾 Successfully inserted 1000 records into egrid_data
[2025-07-31T00:15:14.288+0000] {csv_processor.py:256} INFO - ✅ Processed chunk: 1000 records from egridData.csv
[2025-07-31T00:15:14.578+0000] {db_client.py:63} INFO - 💾 Successfully inserted 1000 records into egrid_data
[2025-07-31T00:15:14.578+0000] {csv_processor.py:256} INFO - ✅ Processed chunk: 1000 records from egridData.csv
[2025-07-31T00:15:14.862+0000] {db_client.py:63} INFO - 💾 Successfully inserted 1000 records into egrid_data
[2025-07-31T00:15:14.863+0000] {csv_processor.py:256} INFO - ✅ Processed chunk: 1000 records from egridData.csv
[2025-07-31T00:15:15.153+0000] {db_client.py:63} INFO - 💾 Successfully inserted 1000 records into egrid_data
[2025-07-31T00:15:15.153+0000] {csv_processor.py:256} INFO - ✅ Processed chunk: 1000 records from egridData.csv
[2025-07-31T00:15:15.320+0000] {db_client.py:63} INFO - 💾 Successfully inserted 601 records into egrid_data
[2025-07-31T00:15:15.320+0000] {csv_processor.py:256} INFO - ✅ Processed chunk: 601 records from egridData.csv
[2025-07-31T00:15:15.321+0000] {csv_processor.py:258} INFO - 📊 Completed file egridData.csv: 26601 records
[2025-07-31T00:15:15.321+0000] {process_csv_data_pipeline.py:192} INFO - 🎉 Processing complete! Total records: 26601
[2025-07-31T00:15:15.322+0000] {python.py:201} INFO - Done. Returned value was: {'total_records': 26601}
[2025-07-31T00:15:15.356+0000] {taskinstance.py:1138} INFO - Marking task as SUCCESS. dag_id=process_csv_data_pipeline, task_id=process_csv_data, execution_date=20250731T001400, start_date=20250731T001507, end_date=20250731T001515
[2025-07-31T00:15:15.402+0000] {local_task_job_runner.py:234} INFO - Task exited with return code 0
[2025-07-31T00:15:15.434+0000] {taskinstance.py:3280} INFO - 1 downstream tasks scheduled from follow-on schedule check
