[2025-07-31T00:08:06.339+0000] {taskinstance.py:1956} INFO - Dependencies all met for dep_context=non-requeueable deps ti=<TaskInstance: process_csv_data_pipeline.process_csv_data scheduled__2025-07-31T00:07:00+00:00 [queued]>
[2025-07-31T00:08:06.346+0000] {taskinstance.py:1956} INFO - Dependencies all met for dep_context=requeueable deps ti=<TaskInstance: process_csv_data_pipeline.process_csv_data scheduled__2025-07-31T00:07:00+00:00 [queued]>
[2025-07-31T00:08:06.347+0000] {taskinstance.py:2170} INFO - Starting attempt 1 of 3
[2025-07-31T00:08:06.358+0000] {taskinstance.py:2191} INFO - Executing <Task(PythonOperator): process_csv_data> on 2025-07-31 00:07:00+00:00
[2025-07-31T00:08:06.362+0000] {standard_task_runner.py:60} INFO - Started process 687 to run task
[2025-07-31T00:08:06.365+0000] {standard_task_runner.py:87} INFO - Running: ['airflow', 'tasks', 'run', 'process_csv_data_pipeline', 'process_csv_data', 'scheduled__2025-07-31T00:07:00+00:00', '--job-id', '40', '--raw', '--subdir', 'DAGS_FOLDER/process_csv_data_pipeline.py', '--cfg-path', '/tmp/tmptia5iihd']
[2025-07-31T00:08:06.367+0000] {standard_task_runner.py:88} INFO - Job 40: Subtask process_csv_data
[2025-07-31T00:08:06.436+0000] {task_command.py:423} INFO - Running <TaskInstance: process_csv_data_pipeline.process_csv_data scheduled__2025-07-31T00:07:00+00:00 [running]> on host 760c76e3a117
[2025-07-31T00:08:06.736+0000] {taskinstance.py:2480} INFO - Exporting env vars: AIRFLOW_CTX_DAG_OWNER='plant-analytics-team' AIRFLOW_CTX_DAG_ID='process_csv_data_pipeline' AIRFLOW_CTX_TASK_ID='process_csv_data' AIRFLOW_CTX_EXECUTION_DATE='2025-07-31T00:07:00+00:00' AIRFLOW_CTX_TRY_NUMBER='1' AIRFLOW_CTX_DAG_RUN_ID='scheduled__2025-07-31T00:07:00+00:00'
[2025-07-31T00:08:06.738+0000] {process_csv_data_pipeline.py:159} INFO - 🌊 Starting CSV data processing...
[2025-07-31T00:08:06.757+0000] {csv_processor.py:199} INFO - 📥 Processing file: egridData.csv
[2025-07-31T00:08:06.845+0000] {minio_client.py:102} INFO - 📥 Downloaded egridData.csv to /tmp/egridData.csv
[2025-07-31T00:08:06.845+0000] {csv_processor.py:211} INFO - 🔍 Validating CSV structure using header row...
[2025-07-31T00:08:06.851+0000] {csv_processor.py:228} INFO - ✅ CSV validation passed, processing data from row 3 onwards...
[2025-07-31T00:08:07.152+0000] {db_client.py:63} INFO - 💾 Successfully inserted 1000 records into egrid_data
[2025-07-31T00:08:07.153+0000] {csv_processor.py:256} INFO - ✅ Processed chunk: 1000 records from egridData.csv
[2025-07-31T00:08:07.428+0000] {db_client.py:63} INFO - 💾 Successfully inserted 1000 records into egrid_data
[2025-07-31T00:08:07.428+0000] {csv_processor.py:256} INFO - ✅ Processed chunk: 1000 records from egridData.csv
[2025-07-31T00:08:07.686+0000] {db_client.py:63} INFO - 💾 Successfully inserted 1000 records into egrid_data
[2025-07-31T00:08:07.687+0000] {csv_processor.py:256} INFO - ✅ Processed chunk: 1000 records from egridData.csv
[2025-07-31T00:08:07.967+0000] {db_client.py:63} INFO - 💾 Successfully inserted 1000 records into egrid_data
[2025-07-31T00:08:07.968+0000] {csv_processor.py:256} INFO - ✅ Processed chunk: 1000 records from egridData.csv
[2025-07-31T00:08:08.241+0000] {db_client.py:63} INFO - 💾 Successfully inserted 1000 records into egrid_data
[2025-07-31T00:08:08.241+0000] {csv_processor.py:256} INFO - ✅ Processed chunk: 1000 records from egridData.csv
[2025-07-31T00:08:08.505+0000] {db_client.py:63} INFO - 💾 Successfully inserted 1000 records into egrid_data
[2025-07-31T00:08:08.506+0000] {csv_processor.py:256} INFO - ✅ Processed chunk: 1000 records from egridData.csv
[2025-07-31T00:08:08.769+0000] {db_client.py:63} INFO - 💾 Successfully inserted 1000 records into egrid_data
[2025-07-31T00:08:08.769+0000] {csv_processor.py:256} INFO - ✅ Processed chunk: 1000 records from egridData.csv
[2025-07-31T00:08:09.046+0000] {db_client.py:63} INFO - 💾 Successfully inserted 1000 records into egrid_data
[2025-07-31T00:08:09.047+0000] {csv_processor.py:256} INFO - ✅ Processed chunk: 1000 records from egridData.csv
[2025-07-31T00:08:09.343+0000] {db_client.py:63} INFO - 💾 Successfully inserted 1000 records into egrid_data
[2025-07-31T00:08:09.343+0000] {csv_processor.py:256} INFO - ✅ Processed chunk: 1000 records from egridData.csv
[2025-07-31T00:08:09.607+0000] {db_client.py:63} INFO - 💾 Successfully inserted 1000 records into egrid_data
[2025-07-31T00:08:09.607+0000] {csv_processor.py:256} INFO - ✅ Processed chunk: 1000 records from egridData.csv
[2025-07-31T00:08:09.884+0000] {db_client.py:63} INFO - 💾 Successfully inserted 1000 records into egrid_data
[2025-07-31T00:08:09.884+0000] {csv_processor.py:256} INFO - ✅ Processed chunk: 1000 records from egridData.csv
[2025-07-31T00:08:10.167+0000] {db_client.py:63} INFO - 💾 Successfully inserted 1000 records into egrid_data
[2025-07-31T00:08:10.167+0000] {csv_processor.py:256} INFO - ✅ Processed chunk: 1000 records from egridData.csv
[2025-07-31T00:08:10.427+0000] {db_client.py:63} INFO - 💾 Successfully inserted 1000 records into egrid_data
[2025-07-31T00:08:10.428+0000] {csv_processor.py:256} INFO - ✅ Processed chunk: 1000 records from egridData.csv
[2025-07-31T00:08:10.738+0000] {db_client.py:63} INFO - 💾 Successfully inserted 1000 records into egrid_data
[2025-07-31T00:08:10.738+0000] {csv_processor.py:256} INFO - ✅ Processed chunk: 1000 records from egridData.csv
[2025-07-31T00:08:11.037+0000] {db_client.py:63} INFO - 💾 Successfully inserted 1000 records into egrid_data
[2025-07-31T00:08:11.038+0000] {csv_processor.py:256} INFO - ✅ Processed chunk: 1000 records from egridData.csv
[2025-07-31T00:08:11.331+0000] {db_client.py:63} INFO - 💾 Successfully inserted 1000 records into egrid_data
[2025-07-31T00:08:11.331+0000] {csv_processor.py:256} INFO - ✅ Processed chunk: 1000 records from egridData.csv
[2025-07-31T00:08:11.622+0000] {db_client.py:63} INFO - 💾 Successfully inserted 1000 records into egrid_data
[2025-07-31T00:08:11.623+0000] {csv_processor.py:256} INFO - ✅ Processed chunk: 1000 records from egridData.csv
[2025-07-31T00:08:11.899+0000] {db_client.py:63} INFO - 💾 Successfully inserted 1000 records into egrid_data
[2025-07-31T00:08:11.899+0000] {csv_processor.py:256} INFO - ✅ Processed chunk: 1000 records from egridData.csv
[2025-07-31T00:08:12.175+0000] {db_client.py:63} INFO - 💾 Successfully inserted 1000 records into egrid_data
[2025-07-31T00:08:12.175+0000] {csv_processor.py:256} INFO - ✅ Processed chunk: 1000 records from egridData.csv
[2025-07-31T00:08:12.437+0000] {db_client.py:63} INFO - 💾 Successfully inserted 1000 records into egrid_data
[2025-07-31T00:08:12.437+0000] {csv_processor.py:256} INFO - ✅ Processed chunk: 1000 records from egridData.csv
[2025-07-31T00:08:12.689+0000] {db_client.py:63} INFO - 💾 Successfully inserted 1000 records into egrid_data
[2025-07-31T00:08:12.689+0000] {csv_processor.py:256} INFO - ✅ Processed chunk: 1000 records from egridData.csv
[2025-07-31T00:08:12.974+0000] {db_client.py:63} INFO - 💾 Successfully inserted 1000 records into egrid_data
[2025-07-31T00:08:12.974+0000] {csv_processor.py:256} INFO - ✅ Processed chunk: 1000 records from egridData.csv
[2025-07-31T00:08:13.291+0000] {db_client.py:63} INFO - 💾 Successfully inserted 1000 records into egrid_data
[2025-07-31T00:08:13.291+0000] {csv_processor.py:256} INFO - ✅ Processed chunk: 1000 records from egridData.csv
[2025-07-31T00:08:13.597+0000] {db_client.py:63} INFO - 💾 Successfully inserted 1000 records into egrid_data
[2025-07-31T00:08:13.597+0000] {csv_processor.py:256} INFO - ✅ Processed chunk: 1000 records from egridData.csv
[2025-07-31T00:08:13.996+0000] {db_client.py:63} INFO - 💾 Successfully inserted 1000 records into egrid_data
[2025-07-31T00:08:13.997+0000] {csv_processor.py:256} INFO - ✅ Processed chunk: 1000 records from egridData.csv
[2025-07-31T00:08:14.302+0000] {db_client.py:63} INFO - 💾 Successfully inserted 1000 records into egrid_data
[2025-07-31T00:08:14.303+0000] {csv_processor.py:256} INFO - ✅ Processed chunk: 1000 records from egridData.csv
[2025-07-31T00:08:14.496+0000] {db_client.py:63} INFO - 💾 Successfully inserted 601 records into egrid_data
[2025-07-31T00:08:14.496+0000] {csv_processor.py:256} INFO - ✅ Processed chunk: 601 records from egridData.csv
[2025-07-31T00:08:14.497+0000] {csv_processor.py:258} INFO - 📊 Completed file egridData.csv: 26601 records
[2025-07-31T00:08:14.497+0000] {process_csv_data_pipeline.py:192} INFO - 🎉 Processing complete! Total records: 26601
[2025-07-31T00:08:14.498+0000] {python.py:201} INFO - Done. Returned value was: {'total_records': 26601}
[2025-07-31T00:08:14.532+0000] {taskinstance.py:1138} INFO - Marking task as SUCCESS. dag_id=process_csv_data_pipeline, task_id=process_csv_data, execution_date=20250731T000700, start_date=20250731T000806, end_date=20250731T000814
[2025-07-31T00:08:14.590+0000] {local_task_job_runner.py:234} INFO - Task exited with return code 0
[2025-07-31T00:08:14.620+0000] {taskinstance.py:3280} INFO - 1 downstream tasks scheduled from follow-on schedule check
