[2025-07-31T00:20:05.510+0000] {taskinstance.py:1956} INFO - Dependencies all met for dep_context=non-requeueable deps ti=<TaskInstance: process_csv_data_pipeline.process_csv_data scheduled__2025-07-31T00:19:00+00:00 [queued]>
[2025-07-31T00:20:05.517+0000] {taskinstance.py:1956} INFO - Dependencies all met for dep_context=requeueable deps ti=<TaskInstance: process_csv_data_pipeline.process_csv_data scheduled__2025-07-31T00:19:00+00:00 [queued]>
[2025-07-31T00:20:05.517+0000] {taskinstance.py:2170} INFO - Starting attempt 1 of 3
[2025-07-31T00:20:05.527+0000] {taskinstance.py:2191} INFO - Executing <Task(PythonOperator): process_csv_data> on 2025-07-31 00:19:00+00:00
[2025-07-31T00:20:05.531+0000] {standard_task_runner.py:60} INFO - Started process 1338 to run task
[2025-07-31T00:20:05.534+0000] {standard_task_runner.py:87} INFO - Running: ['airflow', 'tasks', 'run', 'process_csv_data_pipeline', 'process_csv_data', 'scheduled__2025-07-31T00:19:00+00:00', '--job-id', '100', '--raw', '--subdir', 'DAGS_FOLDER/process_csv_data_pipeline.py', '--cfg-path', '/tmp/tmp1l51gof8']
[2025-07-31T00:20:05.537+0000] {standard_task_runner.py:88} INFO - Job 100: Subtask process_csv_data
[2025-07-31T00:20:05.601+0000] {task_command.py:423} INFO - Running <TaskInstance: process_csv_data_pipeline.process_csv_data scheduled__2025-07-31T00:19:00+00:00 [running]> on host 760c76e3a117
[2025-07-31T00:20:05.883+0000] {taskinstance.py:2480} INFO - Exporting env vars: AIRFLOW_CTX_DAG_OWNER='plant-analytics-team' AIRFLOW_CTX_DAG_ID='process_csv_data_pipeline' AIRFLOW_CTX_TASK_ID='process_csv_data' AIRFLOW_CTX_EXECUTION_DATE='2025-07-31T00:19:00+00:00' AIRFLOW_CTX_TRY_NUMBER='1' AIRFLOW_CTX_DAG_RUN_ID='scheduled__2025-07-31T00:19:00+00:00'
[2025-07-31T00:20:05.885+0000] {process_csv_data_pipeline.py:159} INFO - 🌊 Starting CSV data processing...
[2025-07-31T00:20:05.906+0000] {csv_processor.py:199} INFO - 📥 Processing file: egridData.csv
[2025-07-31T00:20:05.995+0000] {minio_client.py:102} INFO - 📥 Downloaded egridData.csv to /tmp/egridData.csv
[2025-07-31T00:20:05.995+0000] {csv_processor.py:211} INFO - 🔍 Validating CSV structure using header row...
[2025-07-31T00:20:06.001+0000] {csv_processor.py:228} INFO - ✅ CSV validation passed, processing data from row 3 onwards...
[2025-07-31T00:20:06.318+0000] {db_client.py:63} INFO - 💾 Successfully inserted 1000 records into egrid_data
[2025-07-31T00:20:06.318+0000] {csv_processor.py:256} INFO - ✅ Processed chunk: 1000 records from egridData.csv
[2025-07-31T00:20:06.566+0000] {db_client.py:63} INFO - 💾 Successfully inserted 1000 records into egrid_data
[2025-07-31T00:20:06.566+0000] {csv_processor.py:256} INFO - ✅ Processed chunk: 1000 records from egridData.csv
[2025-07-31T00:20:06.908+0000] {db_client.py:63} INFO - 💾 Successfully inserted 1000 records into egrid_data
[2025-07-31T00:20:06.909+0000] {csv_processor.py:256} INFO - ✅ Processed chunk: 1000 records from egridData.csv
[2025-07-31T00:20:07.415+0000] {db_client.py:63} INFO - 💾 Successfully inserted 1000 records into egrid_data
[2025-07-31T00:20:07.416+0000] {csv_processor.py:256} INFO - ✅ Processed chunk: 1000 records from egridData.csv
[2025-07-31T00:20:07.817+0000] {db_client.py:63} INFO - 💾 Successfully inserted 1000 records into egrid_data
[2025-07-31T00:20:07.817+0000] {csv_processor.py:256} INFO - ✅ Processed chunk: 1000 records from egridData.csv
[2025-07-31T00:20:08.099+0000] {db_client.py:63} INFO - 💾 Successfully inserted 1000 records into egrid_data
[2025-07-31T00:20:08.099+0000] {csv_processor.py:256} INFO - ✅ Processed chunk: 1000 records from egridData.csv
[2025-07-31T00:20:08.621+0000] {db_client.py:63} INFO - 💾 Successfully inserted 1000 records into egrid_data
[2025-07-31T00:20:08.622+0000] {csv_processor.py:256} INFO - ✅ Processed chunk: 1000 records from egridData.csv
[2025-07-31T00:20:09.112+0000] {db_client.py:63} INFO - 💾 Successfully inserted 1000 records into egrid_data
[2025-07-31T00:20:09.113+0000] {csv_processor.py:256} INFO - ✅ Processed chunk: 1000 records from egridData.csv
[2025-07-31T00:20:09.451+0000] {db_client.py:63} INFO - 💾 Successfully inserted 1000 records into egrid_data
[2025-07-31T00:20:09.451+0000] {csv_processor.py:256} INFO - ✅ Processed chunk: 1000 records from egridData.csv
[2025-07-31T00:20:09.836+0000] {db_client.py:63} INFO - 💾 Successfully inserted 1000 records into egrid_data
[2025-07-31T00:20:09.836+0000] {csv_processor.py:256} INFO - ✅ Processed chunk: 1000 records from egridData.csv
[2025-07-31T00:20:10.175+0000] {db_client.py:63} INFO - 💾 Successfully inserted 1000 records into egrid_data
[2025-07-31T00:20:10.176+0000] {csv_processor.py:256} INFO - ✅ Processed chunk: 1000 records from egridData.csv
[2025-07-31T00:20:10.434+0000] {db_client.py:63} INFO - 💾 Successfully inserted 1000 records into egrid_data
[2025-07-31T00:20:10.434+0000] {csv_processor.py:256} INFO - ✅ Processed chunk: 1000 records from egridData.csv
[2025-07-31T00:20:10.731+0000] {db_client.py:63} INFO - 💾 Successfully inserted 1000 records into egrid_data
[2025-07-31T00:20:10.731+0000] {csv_processor.py:256} INFO - ✅ Processed chunk: 1000 records from egridData.csv
[2025-07-31T00:20:11.064+0000] {db_client.py:63} INFO - 💾 Successfully inserted 1000 records into egrid_data
[2025-07-31T00:20:11.065+0000] {csv_processor.py:256} INFO - ✅ Processed chunk: 1000 records from egridData.csv
[2025-07-31T00:20:11.377+0000] {db_client.py:63} INFO - 💾 Successfully inserted 1000 records into egrid_data
[2025-07-31T00:20:11.377+0000] {csv_processor.py:256} INFO - ✅ Processed chunk: 1000 records from egridData.csv
[2025-07-31T00:20:11.687+0000] {db_client.py:63} INFO - 💾 Successfully inserted 1000 records into egrid_data
[2025-07-31T00:20:11.688+0000] {csv_processor.py:256} INFO - ✅ Processed chunk: 1000 records from egridData.csv
[2025-07-31T00:20:12.035+0000] {db_client.py:63} INFO - 💾 Successfully inserted 1000 records into egrid_data
[2025-07-31T00:20:12.036+0000] {csv_processor.py:256} INFO - ✅ Processed chunk: 1000 records from egridData.csv
[2025-07-31T00:20:12.328+0000] {db_client.py:63} INFO - 💾 Successfully inserted 1000 records into egrid_data
[2025-07-31T00:20:12.329+0000] {csv_processor.py:256} INFO - ✅ Processed chunk: 1000 records from egridData.csv
[2025-07-31T00:20:12.627+0000] {db_client.py:63} INFO - 💾 Successfully inserted 1000 records into egrid_data
[2025-07-31T00:20:12.628+0000] {csv_processor.py:256} INFO - ✅ Processed chunk: 1000 records from egridData.csv
[2025-07-31T00:20:12.901+0000] {db_client.py:63} INFO - 💾 Successfully inserted 1000 records into egrid_data
[2025-07-31T00:20:12.901+0000] {csv_processor.py:256} INFO - ✅ Processed chunk: 1000 records from egridData.csv
[2025-07-31T00:20:13.183+0000] {db_client.py:63} INFO - 💾 Successfully inserted 1000 records into egrid_data
[2025-07-31T00:20:13.184+0000] {csv_processor.py:256} INFO - ✅ Processed chunk: 1000 records from egridData.csv
[2025-07-31T00:20:13.441+0000] {db_client.py:63} INFO - 💾 Successfully inserted 1000 records into egrid_data
[2025-07-31T00:20:13.441+0000] {csv_processor.py:256} INFO - ✅ Processed chunk: 1000 records from egridData.csv
[2025-07-31T00:20:13.685+0000] {db_client.py:63} INFO - 💾 Successfully inserted 1000 records into egrid_data
[2025-07-31T00:20:13.685+0000] {csv_processor.py:256} INFO - ✅ Processed chunk: 1000 records from egridData.csv
[2025-07-31T00:20:13.963+0000] {db_client.py:63} INFO - 💾 Successfully inserted 1000 records into egrid_data
[2025-07-31T00:20:13.963+0000] {csv_processor.py:256} INFO - ✅ Processed chunk: 1000 records from egridData.csv
[2025-07-31T00:20:14.266+0000] {db_client.py:63} INFO - 💾 Successfully inserted 1000 records into egrid_data
[2025-07-31T00:20:14.267+0000] {csv_processor.py:256} INFO - ✅ Processed chunk: 1000 records from egridData.csv
[2025-07-31T00:20:14.533+0000] {db_client.py:63} INFO - 💾 Successfully inserted 1000 records into egrid_data
[2025-07-31T00:20:14.533+0000] {csv_processor.py:256} INFO - ✅ Processed chunk: 1000 records from egridData.csv
[2025-07-31T00:20:14.680+0000] {db_client.py:63} INFO - 💾 Successfully inserted 601 records into egrid_data
[2025-07-31T00:20:14.681+0000] {csv_processor.py:256} INFO - ✅ Processed chunk: 601 records from egridData.csv
[2025-07-31T00:20:14.681+0000] {csv_processor.py:258} INFO - 📊 Completed file egridData.csv: 26601 records
[2025-07-31T00:20:14.682+0000] {process_csv_data_pipeline.py:192} INFO - 🎉 Processing complete! Total records: 26601
[2025-07-31T00:20:14.682+0000] {python.py:201} INFO - Done. Returned value was: {'total_records': 26601}
[2025-07-31T00:20:14.712+0000] {taskinstance.py:1138} INFO - Marking task as SUCCESS. dag_id=process_csv_data_pipeline, task_id=process_csv_data, execution_date=20250731T001900, start_date=20250731T002005, end_date=20250731T002014
[2025-07-31T00:20:14.766+0000] {local_task_job_runner.py:234} INFO - Task exited with return code 0
[2025-07-31T00:20:14.800+0000] {taskinstance.py:3280} INFO - 1 downstream tasks scheduled from follow-on schedule check
