[2025-07-31T01:47:25.748+0000] {taskinstance.py:1956} INFO - Dependencies all met for dep_context=non-requeueable deps ti=<TaskInstance: process_csv_data_pipeline.process_csv_data manual__2025-07-31T01:47:16.818916+00:00 [queued]>
[2025-07-31T01:47:25.760+0000] {taskinstance.py:1956} INFO - Dependencies all met for dep_context=requeueable deps ti=<TaskInstance: process_csv_data_pipeline.process_csv_data manual__2025-07-31T01:47:16.818916+00:00 [queued]>
[2025-07-31T01:47:25.761+0000] {taskinstance.py:2170} INFO - Starting attempt 1 of 3
[2025-07-31T01:47:25.777+0000] {taskinstance.py:2191} INFO - Executing <Task(PythonOperator): process_csv_data> on 2025-07-31 01:47:16.818916+00:00
[2025-07-31T01:47:25.787+0000] {standard_task_runner.py:60} INFO - Started process 424 to run task
[2025-07-31T01:47:25.792+0000] {standard_task_runner.py:87} INFO - Running: ['airflow', 'tasks', 'run', 'process_csv_data_pipeline', 'process_csv_data', 'manual__2025-07-31T01:47:16.818916+00:00', '--job-id', '15', '--raw', '--subdir', 'DAGS_FOLDER/process_csv_data_pipeline.py', '--cfg-path', '/tmp/tmp_0o7clzv']
[2025-07-31T01:47:25.796+0000] {standard_task_runner.py:88} INFO - Job 15: Subtask process_csv_data
[2025-07-31T01:47:25.902+0000] {task_command.py:423} INFO - Running <TaskInstance: process_csv_data_pipeline.process_csv_data manual__2025-07-31T01:47:16.818916+00:00 [running]> on host ecd2a07b0f65
[2025-07-31T01:47:26.274+0000] {taskinstance.py:2480} INFO - Exporting env vars: AIRFLOW_CTX_DAG_OWNER='plant-analytics-team' AIRFLOW_CTX_DAG_ID='process_csv_data_pipeline' AIRFLOW_CTX_TASK_ID='process_csv_data' AIRFLOW_CTX_EXECUTION_DATE='2025-07-31T01:47:16.818916+00:00' AIRFLOW_CTX_TRY_NUMBER='1' AIRFLOW_CTX_DAG_RUN_ID='manual__2025-07-31T01:47:16.818916+00:00'
[2025-07-31T01:47:26.275+0000] {process_csv_data_pipeline.py:159} INFO - 🌊 Starting CSV data processing...
[2025-07-31T01:47:26.304+0000] {csv_processor.py:199} INFO - 📥 Processing file: EgridData2 - GEN23.csv
[2025-07-31T01:47:26.440+0000] {minio_client.py:102} INFO - 📥 Downloaded EgridData2 - GEN23.csv to /tmp/EgridData2 - GEN23.csv
[2025-07-31T01:47:26.441+0000] {csv_processor.py:211} INFO - 🔍 Validating CSV structure using header row...
[2025-07-31T01:47:26.447+0000] {csv_processor.py:228} INFO - ✅ CSV validation passed, processing data from row 3 onwards...
[2025-07-31T01:47:26.478+0000] {db_client.py:63} INFO - 💾 Successfully inserted 5 records into egrid_data
[2025-07-31T01:47:26.478+0000] {csv_processor.py:256} INFO - ✅ Processed chunk: 5 records from EgridData2 - GEN23.csv
[2025-07-31T01:47:26.479+0000] {csv_processor.py:258} INFO - 📊 Completed file EgridData2 - GEN23.csv: 5 records
[2025-07-31T01:47:26.480+0000] {csv_processor.py:199} INFO - 📥 Processing file: egridData.csv
[2025-07-31T01:47:26.496+0000] {minio_client.py:102} INFO - 📥 Downloaded egridData.csv to /tmp/egridData.csv
[2025-07-31T01:47:26.497+0000] {csv_processor.py:211} INFO - 🔍 Validating CSV structure using header row...
[2025-07-31T01:47:26.504+0000] {csv_processor.py:228} INFO - ✅ CSV validation passed, processing data from row 3 onwards...
[2025-07-31T01:47:26.619+0000] {db_client.py:68} ERROR - ❌ Error bulk inserting records: (psycopg2.errors.UniqueViolation) duplicate key value violates unique constraint "uk_egrid_data_unique"
DETAIL:  Key (gen_id, year, state, plant_name)=(UNIT4, 2023, AK, Alakanuk) already exists.

[SQL: 
                INSERT INTO egrid_data (gen_id, year, state, plant_name, net_generation)
                VALUES (%(gen_id)s, %(year)s, %(state)s, %(plant_name)s, %(net_generation)s)
            ]
[parameters: ({'gen_id': 'UNIT4', 'year': 2023, 'state': 'AK', 'plant_name': 'Alakanuk', 'net_generation': 0.0}, {'gen_id': 'GEN1', 'year': 2023, 'state': 'AK', 'plant_name': 'Allison Creek Hydro', 'net_generation': 20961.0}, {'gen_id': '1A', 'year': 2023, 'state': 'AK', 'plant_name': 'Ambler', 'net_generation': 451.0}, {'gen_id': '2', 'year': 2023, 'state': 'AK', 'plant_name': 'Ambler', 'net_generation': 338.0}, {'gen_id': '3', 'year': 2023, 'state': 'AK', 'plant_name': 'Ambler', 'net_generation': 451.0}, {'gen_id': '1A', 'year': 2023, 'state': 'AK', 'plant_name': 'Angoon', 'net_generation': 605.0}, {'gen_id': '2A', 'year': 2023, 'state': 'AK', 'plant_name': 'Angoon', 'net_generation': 605.0}, {'gen_id': '3', 'year': 2023, 'state': 'AK', 'plant_name': 'Angoon', 'net_generation': 605.0}  ... displaying 10 of 1000 total bound parameter sets ...  {'gen_id': 'GEN2', 'year': 2023, 'state': 'AR', 'plant_name': 'Two Pine Landfill Gas Recovery', 'net_generation': 4419.0}, {'gen_id': 'GEN3', 'year': 2023, 'state': 'AR', 'plant_name': 'Two Pine Landfill Gas Recovery', 'net_generation': 4419.0})]
(Background on this error at: https://sqlalche.me/e/14/gkpj)
[2025-07-31T01:47:26.620+0000] {csv_processor.py:262} ERROR - ❌ Error processing file egridData.csv: (psycopg2.errors.UniqueViolation) duplicate key value violates unique constraint "uk_egrid_data_unique"
DETAIL:  Key (gen_id, year, state, plant_name)=(UNIT4, 2023, AK, Alakanuk) already exists.

[SQL: 
                INSERT INTO egrid_data (gen_id, year, state, plant_name, net_generation)
                VALUES (%(gen_id)s, %(year)s, %(state)s, %(plant_name)s, %(net_generation)s)
            ]
[parameters: ({'gen_id': 'UNIT4', 'year': 2023, 'state': 'AK', 'plant_name': 'Alakanuk', 'net_generation': 0.0}, {'gen_id': 'GEN1', 'year': 2023, 'state': 'AK', 'plant_name': 'Allison Creek Hydro', 'net_generation': 20961.0}, {'gen_id': '1A', 'year': 2023, 'state': 'AK', 'plant_name': 'Ambler', 'net_generation': 451.0}, {'gen_id': '2', 'year': 2023, 'state': 'AK', 'plant_name': 'Ambler', 'net_generation': 338.0}, {'gen_id': '3', 'year': 2023, 'state': 'AK', 'plant_name': 'Ambler', 'net_generation': 451.0}, {'gen_id': '1A', 'year': 2023, 'state': 'AK', 'plant_name': 'Angoon', 'net_generation': 605.0}, {'gen_id': '2A', 'year': 2023, 'state': 'AK', 'plant_name': 'Angoon', 'net_generation': 605.0}, {'gen_id': '3', 'year': 2023, 'state': 'AK', 'plant_name': 'Angoon', 'net_generation': 605.0}  ... displaying 10 of 1000 total bound parameter sets ...  {'gen_id': 'GEN2', 'year': 2023, 'state': 'AR', 'plant_name': 'Two Pine Landfill Gas Recovery', 'net_generation': 4419.0}, {'gen_id': 'GEN3', 'year': 2023, 'state': 'AR', 'plant_name': 'Two Pine Landfill Gas Recovery', 'net_generation': 4419.0})]
(Background on this error at: https://sqlalche.me/e/14/gkpj)
[2025-07-31T01:47:26.623+0000] {connection_workflow.py:179} INFO - Pika version 1.3.2 connecting to ('172.18.0.5', 5672)
[2025-07-31T01:47:26.625+0000] {io_services_utils.py:345} INFO - Socket connected: <socket.socket fd=41, family=2, type=1, proto=6, laddr=('172.18.0.12', 38196), raddr=('172.18.0.5', 5672)>
[2025-07-31T01:47:26.626+0000] {connection_workflow.py:428} INFO - Streaming transport linked up: (<pika.adapters.utils.io_services_utils._AsyncPlaintextTransport object at 0x7fe6cc1e0d90>, _StreamingProtocolShim: <SelectConnection PROTOCOL transport=<pika.adapters.utils.io_services_utils._AsyncPlaintextTransport object at 0x7fe6cc1e0d90> params=<ConnectionParameters host=rabbitmq port=5672 virtual_host=/ ssl=False>>).
[2025-07-31T01:47:26.633+0000] {connection_workflow.py:293} INFO - AMQPConnector - reporting success: <SelectConnection OPEN transport=<pika.adapters.utils.io_services_utils._AsyncPlaintextTransport object at 0x7fe6cc1e0d90> params=<ConnectionParameters host=rabbitmq port=5672 virtual_host=/ ssl=False>>
[2025-07-31T01:47:26.635+0000] {connection_workflow.py:725} INFO - AMQPConnectionWorkflow - reporting success: <SelectConnection OPEN transport=<pika.adapters.utils.io_services_utils._AsyncPlaintextTransport object at 0x7fe6cc1e0d90> params=<ConnectionParameters host=rabbitmq port=5672 virtual_host=/ ssl=False>>
[2025-07-31T01:47:26.635+0000] {blocking_connection.py:453} INFO - Connection workflow succeeded: <SelectConnection OPEN transport=<pika.adapters.utils.io_services_utils._AsyncPlaintextTransport object at 0x7fe6cc1e0d90> params=<ConnectionParameters host=rabbitmq port=5672 virtual_host=/ ssl=False>>
[2025-07-31T01:47:26.637+0000] {blocking_connection.py:1264} INFO - Created channel=1
[2025-07-31T01:47:26.642+0000] {blocking_connection.py:802} INFO - Closing connection (200): Normal shutdown
[2025-07-31T01:47:26.642+0000] {channel.py:536} INFO - Closing channel (200): 'Normal shutdown' on <Channel number=1 OPEN conn=<SelectConnection OPEN transport=<pika.adapters.utils.io_services_utils._AsyncPlaintextTransport object at 0x7fe6cc1e0d90> params=<ConnectionParameters host=rabbitmq port=5672 virtual_host=/ ssl=False>>>
[2025-07-31T01:47:26.645+0000] {channel.py:1133} INFO - Received <Channel.CloseOk> on <Channel number=1 CLOSING conn=<SelectConnection OPEN transport=<pika.adapters.utils.io_services_utils._AsyncPlaintextTransport object at 0x7fe6cc1e0d90> params=<ConnectionParameters host=rabbitmq port=5672 virtual_host=/ ssl=False>>>
[2025-07-31T01:47:26.646+0000] {connection.py:1316} INFO - Closing connection (200): 'Normal shutdown'
[2025-07-31T01:47:26.647+0000] {io_services_utils.py:731} INFO - Aborting transport connection: state=1; <socket.socket fd=41, family=2, type=1, proto=6, laddr=('172.18.0.12', 38196), raddr=('172.18.0.5', 5672)>
[2025-07-31T01:47:26.647+0000] {io_services_utils.py:904} INFO - _AsyncTransportBase._initate_abort(): Initiating abrupt asynchronous transport shutdown: state=1; error=None; <socket.socket fd=41, family=2, type=1, proto=6, laddr=('172.18.0.12', 38196), raddr=('172.18.0.5', 5672)>
[2025-07-31T01:47:26.648+0000] {io_services_utils.py:869} INFO - Deactivating transport: state=1; <socket.socket fd=41, family=2, type=1, proto=6, laddr=('172.18.0.12', 38196), raddr=('172.18.0.5', 5672)>
[2025-07-31T01:47:26.648+0000] {connection.py:2017} INFO - AMQP stack terminated, failed to connect, or aborted: opened=True, error-arg=None; pending-error=ConnectionClosedByClient: (200) 'Normal shutdown'
[2025-07-31T01:47:26.649+0000] {connection.py:2086} INFO - Stack terminated due to ConnectionClosedByClient: (200) 'Normal shutdown'
[2025-07-31T01:47:26.650+0000] {io_services_utils.py:882} INFO - Closing transport socket and unlinking: state=3; <socket.socket fd=41, family=2, type=1, proto=6, laddr=('172.18.0.12', 38196), raddr=('172.18.0.5', 5672)>
[2025-07-31T01:47:26.650+0000] {blocking_connection.py:525} INFO - User-initiated close: result=(<SelectConnection CLOSED transport=None params=<ConnectionParameters host=rabbitmq port=5672 virtual_host=/ ssl=False>>, ConnectionClosedByClient: (200) 'Normal shutdown')
[2025-07-31T01:47:26.651+0000] {rabbitmq_client.py:116} INFO - 📧 Sent notification: error
[2025-07-31T01:47:26.652+0000] {process_csv_data_pipeline.py:192} INFO - 🎉 Processing complete! Total records: 5
[2025-07-31T01:47:26.652+0000] {python.py:201} INFO - Done. Returned value was: {'total_records': 5}
[2025-07-31T01:47:26.708+0000] {taskinstance.py:1138} INFO - Marking task as SUCCESS. dag_id=process_csv_data_pipeline, task_id=process_csv_data, execution_date=20250731T014716, start_date=20250731T014725, end_date=20250731T014726
[2025-07-31T01:47:26.758+0000] {local_task_job_runner.py:234} INFO - Task exited with return code 0
[2025-07-31T01:47:26.802+0000] {taskinstance.py:3280} INFO - 1 downstream tasks scheduled from follow-on schedule check
