[2025-07-31T00:13:13.902+0000] {taskinstance.py:1956} INFO - Dependencies all met for dep_context=non-requeueable deps ti=<TaskInstance: process_csv_data_pipeline.generate_report scheduled__2025-07-31T00:12:00+00:00 [queued]>
[2025-07-31T00:13:13.910+0000] {taskinstance.py:1956} INFO - Dependencies all met for dep_context=requeueable deps ti=<TaskInstance: process_csv_data_pipeline.generate_report scheduled__2025-07-31T00:12:00+00:00 [queued]>
[2025-07-31T00:13:13.911+0000] {taskinstance.py:2170} INFO - Starting attempt 1 of 3
[2025-07-31T00:13:13.921+0000] {taskinstance.py:2191} INFO - Executing <Task(PythonOperator): generate_report> on 2025-07-31 00:12:00+00:00
[2025-07-31T00:13:13.927+0000] {standard_task_runner.py:60} INFO - Started process 977 to run task
[2025-07-31T00:13:13.930+0000] {standard_task_runner.py:87} INFO - Running: ['airflow', 'tasks', 'run', 'process_csv_data_pipeline', 'generate_report', 'scheduled__2025-07-31T00:12:00+00:00', '--job-id', '66', '--raw', '--subdir', 'DAGS_FOLDER/process_csv_data_pipeline.py', '--cfg-path', '/tmp/tmp_n9ctkmb']
[2025-07-31T00:13:13.932+0000] {standard_task_runner.py:88} INFO - Job 66: Subtask generate_report
[2025-07-31T00:13:13.997+0000] {task_command.py:423} INFO - Running <TaskInstance: process_csv_data_pipeline.generate_report scheduled__2025-07-31T00:12:00+00:00 [running]> on host 760c76e3a117
[2025-07-31T00:13:14.288+0000] {taskinstance.py:2480} INFO - Exporting env vars: AIRFLOW_CTX_DAG_OWNER='plant-analytics-team' AIRFLOW_CTX_DAG_ID='process_csv_data_pipeline' AIRFLOW_CTX_TASK_ID='generate_report' AIRFLOW_CTX_EXECUTION_DATE='2025-07-31T00:12:00+00:00' AIRFLOW_CTX_TRY_NUMBER='1' AIRFLOW_CTX_DAG_RUN_ID='scheduled__2025-07-31T00:12:00+00:00'
[2025-07-31T00:13:14.289+0000] {process_csv_data_pipeline.py:198} INFO - 📊 Generating processing report...
[2025-07-31T00:13:14.342+0000] {logging_mixin.py:188} WARNING - /home/airflow/.local/lib/python3.11/site-packages/airflow/utils/context.py:315 AirflowContextDeprecationWarning: Accessing 'execution_date' from the template is deprecated and will be removed in a future version. Please use 'data_interval_start' or 'logical_date' instead.
[2025-07-31T00:13:14.361+0000] {process_csv_data_pipeline.py:232} INFO - ✅ Report generated: {
  "pipeline_run_id": "scheduled__2025-07-31T00:12:00+00:00",
  "execution_date": "2025-07-31T00:12:00+00:00",
  "files_scanned": 1,
  "files_validated": 1,
  "files_invalid": 0,
  "total_records_processed": 26601,
  "success_rate": 100.0,
  "status": "completed"
}
[2025-07-31T00:13:14.361+0000] {python.py:201} INFO - Done. Returned value was: {'pipeline_run_id': 'scheduled__2025-07-31T00:12:00+00:00', 'execution_date': '2025-07-31T00:12:00+00:00', 'files_scanned': 1, 'files_validated': 1, 'files_invalid': 0, 'total_records_processed': 26601, 'success_rate': 100.0, 'status': 'completed'}
[2025-07-31T00:13:14.395+0000] {taskinstance.py:1138} INFO - Marking task as SUCCESS. dag_id=process_csv_data_pipeline, task_id=generate_report, execution_date=20250731T001200, start_date=20250731T001313, end_date=20250731T001314
[2025-07-31T00:13:14.439+0000] {local_task_job_runner.py:234} INFO - Task exited with return code 0
[2025-07-31T00:13:14.465+0000] {taskinstance.py:3280} INFO - 0 downstream tasks scheduled from follow-on schedule check
