[2025-07-30T21:02:11.791+0000] {taskinstance.py:1956} INFO - Dependencies all met for dep_context=non-requeueable deps ti=<TaskInstance: process_csv_data_pipeline.generate_report scheduled__2025-07-30T21:01:00+00:00 [queued]>
[2025-07-30T21:02:11.800+0000] {taskinstance.py:1956} INFO - Dependencies all met for dep_context=requeueable deps ti=<TaskInstance: process_csv_data_pipeline.generate_report scheduled__2025-07-30T21:01:00+00:00 [queued]>
[2025-07-30T21:02:11.801+0000] {taskinstance.py:2170} INFO - Starting attempt 1 of 3
[2025-07-30T21:02:11.812+0000] {taskinstance.py:2191} INFO - Executing <Task(PythonOperator): generate_report> on 2025-07-30 21:01:00+00:00
[2025-07-30T21:02:11.816+0000] {standard_task_runner.py:60} INFO - Started process 463 to run task
[2025-07-30T21:02:11.818+0000] {standard_task_runner.py:87} INFO - Running: ['airflow', 'tasks', 'run', 'process_csv_data_pipeline', 'generate_report', 'scheduled__2025-07-30T21:01:00+00:00', '--job-id', '31', '--raw', '--subdir', 'DAGS_FOLDER/process_csv_data_pipeline.py', '--cfg-path', '/tmp/tmpmu1hmdg6']
[2025-07-30T21:02:11.820+0000] {standard_task_runner.py:88} INFO - Job 31: Subtask generate_report
[2025-07-30T21:02:11.885+0000] {task_command.py:423} INFO - Running <TaskInstance: process_csv_data_pipeline.generate_report scheduled__2025-07-30T21:01:00+00:00 [running]> on host f9d55a96e0d8
[2025-07-30T21:02:12.308+0000] {taskinstance.py:2480} INFO - Exporting env vars: AIRFLOW_CTX_DAG_OWNER='plant-analytics-team' AIRFLOW_CTX_DAG_ID='process_csv_data_pipeline' AIRFLOW_CTX_TASK_ID='generate_report' AIRFLOW_CTX_EXECUTION_DATE='2025-07-30T21:01:00+00:00' AIRFLOW_CTX_TRY_NUMBER='1' AIRFLOW_CTX_DAG_RUN_ID='scheduled__2025-07-30T21:01:00+00:00'
[2025-07-30T21:02:12.309+0000] {process_csv_data_pipeline.py:198} INFO - 📊 Generating processing report...
[2025-07-30T21:02:12.345+0000] {logging_mixin.py:188} WARNING - /home/airflow/.local/lib/python3.11/site-packages/airflow/utils/context.py:315 AirflowContextDeprecationWarning: Accessing 'execution_date' from the template is deprecated and will be removed in a future version. Please use 'data_interval_start' or 'logical_date' instead.
[2025-07-30T21:02:12.358+0000] {process_csv_data_pipeline.py:232} INFO - ✅ Report generated: {
  "pipeline_run_id": "scheduled__2025-07-30T21:01:00+00:00",
  "execution_date": "2025-07-30T21:01:00+00:00",
  "files_scanned": 1,
  "files_validated": 1,
  "files_invalid": 0,
  "total_records_processed": 26601,
  "success_rate": 100.0,
  "status": "completed"
}
[2025-07-30T21:02:12.358+0000] {python.py:201} INFO - Done. Returned value was: {'pipeline_run_id': 'scheduled__2025-07-30T21:01:00+00:00', 'execution_date': '2025-07-30T21:01:00+00:00', 'files_scanned': 1, 'files_validated': 1, 'files_invalid': 0, 'total_records_processed': 26601, 'success_rate': 100.0, 'status': 'completed'}
[2025-07-30T21:02:12.376+0000] {taskinstance.py:1138} INFO - Marking task as SUCCESS. dag_id=process_csv_data_pipeline, task_id=generate_report, execution_date=20250730T210100, start_date=20250730T210211, end_date=20250730T210212
[2025-07-30T21:02:12.411+0000] {local_task_job_runner.py:234} INFO - Task exited with return code 0
[2025-07-30T21:02:12.429+0000] {taskinstance.py:3280} INFO - 0 downstream tasks scheduled from follow-on schedule check
